Thu 02 Feb 2023 07:15:43 PM EST
Digit 0 train loss: 42.50823321286919
Digit 0 test loss: 42.52717999244223
Digit 1 train loss: 24.343143152504567
Digit 1 test loss: 24.004336922599357
Digit 2 train loss: 48.871458877929705
Digit 2 test loss: 48.51363008521324
Digit 3 train loss: 45.51163453827128
Digit 3 test loss: 45.37896658453611
Digit 4 train loss: 41.72908080126153
Digit 4 test loss: 41.546799552901945
Digit 5 train loss: 45.44999609396392
Digit 5 test loss: 45.74375404905311
Digit 6 train loss: 40.8505065595028
Digit 6 test loss: 41.855888926161605
Digit 7 train loss: 37.316950687368866
Digit 7 test loss: 37.35745648558502
Digit 8 train loss: 47.303517572901384
Digit 8 test loss: 47.75353564471924
Digit 9 train loss: 38.79293975374802
Digit 9 test loss: 38.547005058870795
VAE 30 123 0.2298
Digit 0 train loss: 41.650112966176486
Digit 0 test loss: 42.066163534047654
Digit 1 train loss: 24.15014817926163
Digit 1 test loss: 23.79699137347385
Digit 2 train loss: 47.76862530485821
Digit 2 test loss: 47.808221685793974
Digit 3 train loss: 44.56843545646462
Digit 3 test loss: 44.63568071799703
Digit 4 train loss: 41.219105186057554
Digit 4 test loss: 40.883505347304336
Digit 5 train loss: 44.9266760072636
Digit 5 test loss: 45.21365579254424
Digit 6 train loss: 40.08088258006517
Digit 6 test loss: 41.11087882294784
Digit 7 train loss: 36.683356275809636
Digit 7 test loss: 36.77696172179879
Digit 8 train loss: 46.27709336672822
Digit 8 test loss: 47.0613396427225
Digit 9 train loss: 38.24370620927604
Digit 9 test loss: 38.02276243846882
VAE 30 123 0.2454
Digit 0 train loss: 44.096051864198955
Digit 0 test loss: 43.732640365678435
Digit 1 train loss: 25.306457818137968
Digit 1 test loss: 25.028794821348484
Digit 2 train loss: 50.92754398523941
Digit 2 test loss: 49.993922442428826
Digit 3 train loss: 47.20665466732933
Digit 3 test loss: 46.5987582027322
Digit 4 train loss: 43.80347518698886
Digit 4 test loss: 42.84822893239816
Digit 5 train loss: 47.09796024675058
Digit 5 test loss: 46.984510417476365
Digit 6 train loss: 42.82415163085927
Digit 6 test loss: 43.357049802648746
Digit 7 train loss: 38.90806047115341
Digit 7 test loss: 38.48815091018083
Digit 8 train loss: 48.513459428439404
Digit 8 test loss: 48.572131793357016
Digit 9 train loss: 40.73368478634915
Digit 9 test loss: 40.25099504053061
VAE 30 123 0.2285
Digit 0 train loss: 42.71424662042425
Digit 0 test loss: 42.72913120814732
Digit 1 train loss: 24.7640931607
Digit 1 test loss: 24.59273011463854
Digit 2 train loss: 49.519606080940406
Digit 2 test loss: 48.89167998927508
Digit 3 train loss: 46.04237253198109
Digit 3 test loss: 45.85962494009792
Digit 4 train loss: 42.8483091032452
Digit 4 test loss: 42.61464535583061
Digit 5 train loss: 45.88663822442178
Digit 5 test loss: 45.81349104936882
Digit 6 train loss: 41.73790975147182
Digit 6 test loss: 42.61170537984446
Digit 7 train loss: 38.032932086040375
Digit 7 test loss: 37.817200328589415
Digit 8 train loss: 47.39338843228776
Digit 8 test loss: 47.72217668889729
Digit 9 train loss: 39.56265113838261
Digit 9 test loss: 39.21777333920255
VAE 30 123 0.2252
Digit 0 train loss: 44.41154730032168
Digit 0 test loss: 44.65662177922774
Digit 1 train loss: 26.084092655934413
Digit 1 test loss: 26.003529929274503
Digit 2 train loss: 50.93431270358626
Digit 2 test loss: 50.40816357339075
Digit 3 train loss: 47.1616301302458
Digit 3 test loss: 46.922868760741586
Digit 4 train loss: 43.550920643491395
Digit 4 test loss: 43.31977554834059
Digit 5 train loss: 47.48475729867203
Digit 5 test loss: 47.47285602552474
Digit 6 train loss: 43.03253346965619
Digit 6 test loss: 43.74993940086603
Digit 7 train loss: 39.36098533532949
Digit 7 test loss: 39.409977458330445
Digit 8 train loss: 48.861992014348864
Digit 8 test loss: 49.50995096093086
Digit 9 train loss: 40.732900042717425
Digit 9 test loss: 40.314806755754
VAE 35 123 0.2428
Digit 0 train loss: 43.2992823225772
Digit 0 test loss: 43.77673259851884
Digit 1 train loss: 25.779030864651073
Digit 1 test loss: 25.62385863585619
Digit 2 train loss: 50.15254512542284
Digit 2 test loss: 49.96888496524604
Digit 3 train loss: 46.390889094210706
Digit 3 test loss: 46.41192852058033
Digit 4 train loss: 42.866276980997235
Digit 4 test loss: 42.85901163454697
Digit 5 train loss: 46.56256666185231
Digit 5 test loss: 47.08647605870337
Digit 6 train loss: 42.37732469024349
Digit 6 test loss: 43.565030762945185
Digit 7 train loss: 38.8829349779645
Digit 7 test loss: 38.78951114624854
Digit 8 train loss: 48.325600813319795
Digit 8 test loss: 49.05231707884301
Digit 9 train loss: 39.756845652826655
Digit 9 test loss: 39.572746719194
VAE 35 123 0.2226
Digit 0 train loss: 46.819591822021216
Digit 0 test loss: 46.9030833750355
Digit 1 train loss: 26.94099558358092
Digit 1 test loss: 26.74917821337998
Digit 2 train loss: 53.24250207038564
Digit 2 test loss: 52.35086412392845
Digit 3 train loss: 48.32504571240521
Digit 3 test loss: 47.8446849822998
Digit 4 train loss: 45.632791764684754
Digit 4 test loss: 45.16671174315474
Digit 5 train loss: 48.886226433094436
Digit 5 test loss: 48.50670804250401
Digit 6 train loss: 45.05117885451657
Digit 6 test loss: 45.77955326605938
Digit 7 train loss: 41.13017259340522
Digit 7 test loss: 40.94312931498665
Digit 8 train loss: 50.791596005990186
Digit 8 test loss: 51.20471690567612
Digit 9 train loss: 42.566599572881124
Digit 9 test loss: 41.83329104148479
VAE 35 123 0.2029
Digit 0 train loss: 44.75781576371406
Digit 0 test loss: 44.792237301262055
Digit 1 train loss: 26.32486479461317
Digit 1 test loss: 26.066777754460137
Digit 2 train loss: 51.53875733350259
Digit 2 test loss: 50.91030589000199
Digit 3 train loss: 47.39168614599215
Digit 3 test loss: 47.162591182595435
Digit 4 train loss: 44.58524285779755
Digit 4 test loss: 44.339616072396396
Digit 5 train loss: 47.7468663989519
Digit 5 test loss: 48.06669122969623
Digit 6 train loss: 43.74183851740335
Digit 6 test loss: 44.79593309430339
Digit 7 train loss: 39.99631019647085
Digit 7 test loss: 39.83672608475741
Digit 8 train loss: 49.62900638792214
Digit 8 test loss: 50.0770150464663
Digit 9 train loss: 41.47254587225722
Digit 9 test loss: 41.105990681114235
VAE 35 123 0.2197
Digit 0 train loss: 46.12114245936252
Digit 0 test loss: 45.90997680352659
Digit 1 train loss: 27.937603277185485
Digit 1 test loss: 27.674414452372144
Digit 2 train loss: 52.52580330315033
Digit 2 test loss: 52.275922775268555
Digit 3 train loss: 48.93411035122402
Digit 3 test loss: 48.96292668899687
Digit 4 train loss: 45.477342484789894
Digit 4 test loss: 45.018164071434626
Digit 5 train loss: 49.45756329225232
Digit 5 test loss: 49.47432823566043
Digit 6 train loss: 44.603893326439945
Digit 6 test loss: 45.68437808241874
Digit 7 train loss: 41.0226812120637
Digit 7 test loss: 40.997287191769495
Digit 8 train loss: 51.000773066558345
Digit 8 test loss: 51.4485662370247
Digit 9 train loss: 42.786535039912316
Digit 9 test loss: 42.34340959592428
VAE 40 123 0.2431
Digit 0 train loss: 45.03296407267751
Digit 0 test loss: 45.40437196225536
Digit 1 train loss: 27.527684612608
Digit 1 test loss: 27.13263040450176
Digit 2 train loss: 51.711988261499116
Digit 2 test loss: 51.53280763108601
Digit 3 train loss: 48.15994024548945
Digit 3 test loss: 48.130713445833415
Digit 4 train loss: 44.837775910810755
Digit 4 test loss: 44.53523509614094
Digit 5 train loss: 48.470171224189144
Digit 5 test loss: 48.682197827394766
Digit 6 train loss: 43.67010452732036
Digit 6 test loss: 44.919379515040646
Digit 7 train loss: 40.44056438345578
Digit 7 test loss: 40.719656022142345
Digit 8 train loss: 49.84626962058341
Digit 8 test loss: 50.54883374129967
Digit 9 train loss: 42.02902269227141
Digit 9 test loss: 41.912460811074354
VAE 40 123 0.2575
Digit 0 train loss: 48.83951458567887
Digit 0 test loss: 48.779700000918645
Digit 1 train loss: 29.378493875397734
Digit 1 test loss: 29.272181689896772
Digit 2 train loss: 55.29993180758043
Digit 2 test loss: 54.30456729267919
Digit 3 train loss: 50.88412567640164
Digit 3 test loss: 50.618218631555536
Digit 4 train loss: 47.69770781939179
Digit 4 test loss: 47.12822628798164
Digit 5 train loss: 51.84383659735748
Digit 5 test loss: 51.6520072825821
Digit 6 train loss: 46.56135549703213
Digit 6 test loss: 47.481116965817506
Digit 7 train loss: 43.484039486872135
Digit 7 test loss: 43.380886692017434
Digit 8 train loss: 52.68875293180772
Digit 8 test loss: 52.77831116349301
Digit 9 train loss: 44.8591684670704
Digit 9 test loss: 44.36877349724973
VAE 40 123 0.1997
Digit 0 train loss: 46.873777051401085
Digit 0 test loss: 46.77834943459958
Digit 1 train loss: 28.29697613247917
Digit 1 test loss: 28.020825526367727
Digit 2 train loss: 53.63290580898053
Digit 2 test loss: 53.19827792810839
Digit 3 train loss: 50.04927480078856
Digit 3 test loss: 49.785727995693094
Digit 4 train loss: 46.7152399753961
Digit 4 test loss: 46.322343946717176
Digit 5 train loss: 49.867567946211125
Digit 5 test loss: 49.867338586815805
Digit 6 train loss: 45.07135701090873
Digit 6 test loss: 46.03042874107281
Digit 7 train loss: 42.37287649503253
Digit 7 test loss: 42.34029429803099
Digit 8 train loss: 51.7108815495855
Digit 8 test loss: 51.9760865205612
Digit 9 train loss: 43.532955636175004
Digit 9 test loss: 43.051781345288035
VAE 40 123 0.2104
end time is Fri 03 Feb 2023 12:53:45 AM EST
