Fri 20 Jan 2023 11:38:11 AM EST
MNIST-AE-training
Running for latent length 10
AE
Model info:
digit:0, device:cuda, latent length:10, random_seed:1234
Dataset MNIST
    Number of datapoints: 5923
    Root location: dataset
    Split: Train
0 0.023055136 5923
0 0.02353247 980
Model info:
digit:1, device:cuda, latent length:10, random_seed:1234
Dataset MNIST
    Number of datapoints: 6742
    Root location: dataset
    Split: Train
1 0.006328035 6742
1 0.0058934744 1135
Model info:
digit:2, device:cuda, latent length:10, random_seed:1234
Dataset MNIST
    Number of datapoints: 5958
    Root location: dataset
    Split: Train
2 0.036791254 5958
2 0.037216 1032
Model info:
digit:3, device:cuda, latent length:10, random_seed:1234
Dataset MNIST
    Number of datapoints: 6131
    Root location: dataset
    Split: Train
3 0.028724503 6131
3 0.029260822 1010
Model info:
digit:4, device:cuda, latent length:10, random_seed:1234
Dataset MNIST
    Number of datapoints: 5842
    Root location: dataset
    Split: Train
4 0.02587123 5842
4 0.025730256 982
Model info:
digit:5, device:cuda, latent length:10, random_seed:1234
Dataset MNIST
    Number of datapoints: 5421
    Root location: dataset
    Split: Train
5 0.030678757 5421
5 0.031254336 892
Model info:
digit:6, device:cuda, latent length:10, random_seed:1234
Dataset MNIST
    Number of datapoints: 5918
    Root location: dataset
    Split: Train
6 0.025842683 5918
6 0.026805034 958
Model info:
digit:7, device:cuda, latent length:10, random_seed:1234
Dataset MNIST
    Number of datapoints: 6265
    Root location: dataset
    Split: Train
7 0.021276722 6265
7 0.02103724 1028
Model info:
digit:8, device:cuda, latent length:10, random_seed:1234
Dataset MNIST
    Number of datapoints: 5851
    Root location: dataset
    Split: Train
8 0.033490043 5851
8 0.0348747 974
Model info:
digit:9, device:cuda, latent length:10, random_seed:1234
Dataset MNIST
    Number of datapoints: 5949
    Root location: dataset
    Split: Train
9 0.022528617 5949
9 0.022614624 1009
Accuracy sore: 0.6801
Running for latent length 15
AE
Model info:
digit:0, device:cuda, latent length:15, random_seed:1234
Dataset MNIST
    Number of datapoints: 5923
    Root location: dataset
    Split: Train
0 0.022418667 5923
0 0.022418357 980
Model info:
digit:1, device:cuda, latent length:15, random_seed:1234
Dataset MNIST
    Number of datapoints: 6742
    Root location: dataset
    Split: Train
1 0.006171191 6742
1 0.0057711285 1135
Model info:
digit:2, device:cuda, latent length:15, random_seed:1234
Dataset MNIST
    Number of datapoints: 5958
    Root location: dataset
    Split: Train
2 0.03193487 5958
2 0.03213762 1032
Model info:
digit:3, device:cuda, latent length:15, random_seed:1234
Dataset MNIST
    Number of datapoints: 6131
    Root location: dataset
    Split: Train
3 0.028340338 6131
3 0.028573962 1010
Model info:
digit:4, device:cuda, latent length:15, random_seed:1234
Dataset MNIST
    Number of datapoints: 5842
    Root location: dataset
    Split: Train
4 0.022045549 5842
4 0.021605322 982
Model info:
digit:5, device:cuda, latent length:15, random_seed:1234
Dataset MNIST
    Number of datapoints: 5421
    Root location: dataset
    Split: Train
5 0.026355509 5421
5 0.02677396 892
Model info:
digit:6, device:cuda, latent length:15, random_seed:1234
Dataset MNIST
    Number of datapoints: 5918
    Root location: dataset
    Split: Train
6 0.025877504 5918
6 0.026997605 958
Model info:
digit:7, device:cuda, latent length:15, random_seed:1234
Dataset MNIST
    Number of datapoints: 6265
    Root location: dataset
    Split: Train
7 0.021109547 6265
7 0.020998064 1028
Model info:
digit:8, device:cuda, latent length:15, random_seed:1234
Dataset MNIST
    Number of datapoints: 5851
    Root location: dataset
    Split: Train
8 0.030494023 5851
8 0.03192275 974
Model info:
digit:9, device:cuda, latent length:15, random_seed:1234
Dataset MNIST
    Number of datapoints: 5949
    Root location: dataset
    Split: Train
9 0.022385867 5949
9 0.022406027 1009
Accuracy sore: 0.9785
Running for latent length 20
AE
Model info:
digit:0, device:cuda, latent length:20, random_seed:1234
Dataset MNIST
    Number of datapoints: 5923
    Root location: dataset
    Split: Train
0 0.022992272 5923
0 0.02302503 980
Model info:
digit:1, device:cuda, latent length:20, random_seed:1234
Dataset MNIST
    Number of datapoints: 6742
    Root location: dataset
    Split: Train
1 0.006433061 6742
1 0.005984139 1135
Model info:
digit:2, device:cuda, latent length:20, random_seed:1234
Dataset MNIST
    Number of datapoints: 5958
    Root location: dataset
    Split: Train
2 0.06486661 5958
2 0.06410214 1032
Model info:
digit:3, device:cuda, latent length:20, random_seed:1234
Dataset MNIST
    Number of datapoints: 6131
    Root location: dataset
    Split: Train
3 0.057449035 6131
3 0.056025077 1010
Model info:
digit:4, device:cuda, latent length:20, random_seed:1234
Dataset MNIST
    Number of datapoints: 5842
    Root location: dataset
    Split: Train
4 0.022309195 5842
4 0.022109274 982
Model info:
digit:5, device:cuda, latent length:20, random_seed:1234
Dataset MNIST
    Number of datapoints: 5421
    Root location: dataset
    Split: Train
5 0.02685933 5421
5 0.027243905 892
Model info:
digit:6, device:cuda, latent length:20, random_seed:1234
Dataset MNIST
    Number of datapoints: 5918
    Root location: dataset
    Split: Train
6 0.025736189 5918
6 0.02683045 958
Model info:
digit:7, device:cuda, latent length:20, random_seed:1234
Dataset MNIST
    Number of datapoints: 6265
    Root location: dataset
    Split: Train
7 0.022440897 6265
7 0.02173812 1028
Model info:
digit:8, device:cuda, latent length:20, random_seed:1234
Dataset MNIST
    Number of datapoints: 5851
    Root location: dataset
    Split: Train
8 0.058273688 5851
8 0.058131006 974
Model info:
digit:9, device:cuda, latent length:20, random_seed:1234
Dataset MNIST
    Number of datapoints: 5949
    Root location: dataset
    Split: Train
9 0.019313531 5949
9 0.01930426 1009
Accuracy sore: 0.8974
Running for latent length 21
AE
Model info:
digit:0, device:cuda, latent length:21, random_seed:1234
Dataset MNIST
    Number of datapoints: 5923
    Root location: dataset
    Split: Train
0 0.022679878 5923
0 0.022826105 980
Model info:
digit:1, device:cuda, latent length:21, random_seed:1234
Dataset MNIST
    Number of datapoints: 6742
    Root location: dataset
    Split: Train
1 0.0064508026 6742
1 0.006063976 1135
Model info:
digit:2, device:cuda, latent length:21, random_seed:1234
Dataset MNIST
    Number of datapoints: 5958
    Root location: dataset
    Split: Train
2 0.03712574 5958
2 0.03687305 1032
Model info:
digit:3, device:cuda, latent length:21, random_seed:1234
Dataset MNIST
    Number of datapoints: 6131
    Root location: dataset
    Split: Train
3 0.028107451 6131
3 0.028781135 1010
Model info:
digit:4, device:cuda, latent length:21, random_seed:1234
Dataset MNIST
    Number of datapoints: 5842
    Root location: dataset
    Split: Train
4 0.03209372 5842
4 0.03219562 982
Model info:
digit:5, device:cuda, latent length:21, random_seed:1234
Dataset MNIST
    Number of datapoints: 5421
    Root location: dataset
    Split: Train
5 0.060802747 5421
5 0.060710736 892
Model info:
digit:6, device:cuda, latent length:21, random_seed:1234
Dataset MNIST
    Number of datapoints: 5918
    Root location: dataset
    Split: Train
6 0.026609069 5918
6 0.027596146 958
Model info:
digit:7, device:cuda, latent length:21, random_seed:1234
Dataset MNIST
    Number of datapoints: 6265
    Root location: dataset
    Split: Train
7 0.017312028 6265
7 0.017314147 1028
Model info:
digit:8, device:cuda, latent length:21, random_seed:1234
Dataset MNIST
    Number of datapoints: 5851
    Root location: dataset
    Split: Train
8 0.030766685 5851
8 0.032401398 974
Model info:
digit:9, device:cuda, latent length:21, random_seed:1234
Dataset MNIST
    Number of datapoints: 5949
    Root location: dataset
    Split: Train
9 0.022766313 5949
9 0.022758987 1009
Accuracy sore: 0.9426
Running for latent length 22
AE
Model info:
digit:0, device:cuda, latent length:22, random_seed:1234
Dataset MNIST
    Number of datapoints: 5923
    Root location: dataset
    Split: Train
0 0.022621078 5923
0 0.022907067 980
Model info:
digit:1, device:cuda, latent length:22, random_seed:1234
Dataset MNIST
    Number of datapoints: 6742
    Root location: dataset
    Split: Train
1 0.0065325736 6742
1 0.0061486447 1135
Model info:
digit:2, device:cuda, latent length:22, random_seed:1234
Dataset MNIST
    Number of datapoints: 5958
    Root location: dataset
    Split: Train
2 0.030461762 5958
2 0.030409005 1032
Model info:
digit:3, device:cuda, latent length:22, random_seed:1234
Dataset MNIST
    Number of datapoints: 6131
    Root location: dataset
    Split: Train
3 0.02744276 6131
3 0.02811865 1010
Model info:
digit:4, device:cuda, latent length:22, random_seed:1234
Dataset MNIST
    Number of datapoints: 5842
    Root location: dataset
    Split: Train
4 0.026116487 5842
4 0.026057106 982
Model info:
digit:5, device:cuda, latent length:22, random_seed:1234
Dataset MNIST
    Number of datapoints: 5421
    Root location: dataset
    Split: Train
5 0.060914196 5421
5 0.06088066 892
Model info:
digit:6, device:cuda, latent length:22, random_seed:1234
Dataset MNIST
    Number of datapoints: 5918
    Root location: dataset
    Split: Train
6 0.024749508 5918
6 0.025957791 958
Model info:
digit:7, device:cuda, latent length:22, random_seed:1234
Dataset MNIST
    Number of datapoints: 6265
    Root location: dataset
    Split: Train
7 0.020542964 6265
7 0.0207086 1028
Model info:
digit:8, device:cuda, latent length:22, random_seed:1234
Dataset MNIST
    Number of datapoints: 5851
    Root location: dataset
    Split: Train
8 0.030522292 5851
8 0.03178664 974
Model info:
digit:9, device:cuda, latent length:22, random_seed:1234
Dataset MNIST
    Number of datapoints: 5949
    Root location: dataset
    Split: Train
9 0.02239772 5949
9 0.022314586 1009
Accuracy sore: 0.9688
Running for latent length 23
AE
Model info:
digit:0, device:cuda, latent length:23, random_seed:1234
Dataset MNIST
    Number of datapoints: 5923
    Root location: dataset
    Split: Train
0 0.022555644 5923
0 0.022651423 980
Model info:
digit:1, device:cuda, latent length:23, random_seed:1234
Dataset MNIST
    Number of datapoints: 6742
    Root location: dataset
    Split: Train
1 0.006168219 6742
1 0.005749363 1135
Model info:
digit:2, device:cuda, latent length:23, random_seed:1234
Dataset MNIST
    Number of datapoints: 5958
    Root location: dataset
    Split: Train
2 0.028152172 5958
2 0.027789012 1032
Model info:
digit:3, device:cuda, latent length:23, random_seed:1234
Dataset MNIST
    Number of datapoints: 6131
    Root location: dataset
    Split: Train
3 0.023702579 6131
3 0.024281938 1010
Model info:
digit:4, device:cuda, latent length:23, random_seed:1234
Dataset MNIST
    Number of datapoints: 5842
    Root location: dataset
    Split: Train
4 0.022039099 5842
4 0.021692138 982
Model info:
digit:5, device:cuda, latent length:23, random_seed:1234
Dataset MNIST
    Number of datapoints: 5421
    Root location: dataset
    Split: Train
5 0.026621759 5421
5 0.027055584 892
Model info:
digit:6, device:cuda, latent length:23, random_seed:1234
Dataset MNIST
    Number of datapoints: 5918
    Root location: dataset
    Split: Train
6 0.02671951 5918
6 0.027710041 958
Model info:
digit:7, device:cuda, latent length:23, random_seed:1234
Dataset MNIST
    Number of datapoints: 6265
    Root location: dataset
    Split: Train
7 0.017117409 6265
7 0.017381532 1028
Model info:
digit:8, device:cuda, latent length:23, random_seed:1234
Dataset MNIST
    Number of datapoints: 5851
    Root location: dataset
    Split: Train
8 0.02707394 5851
8 0.028530544 974
Model info:
digit:9, device:cuda, latent length:23, random_seed:1234
Dataset MNIST
    Number of datapoints: 5949
    Root location: dataset
    Split: Train
9 0.019003617 5949
9 0.019162199 1009
Accuracy sore: 0.9817
Running for latent length 24
AE
Model info:
digit:0, device:cuda, latent length:24, random_seed:1234
Dataset MNIST
    Number of datapoints: 5923
    Root location: dataset
    Split: Train
0 0.020221064 5923
0 0.020406974 980
Model info:
digit:1, device:cuda, latent length:24, random_seed:1234
Dataset MNIST
    Number of datapoints: 6742
    Root location: dataset
    Split: Train
1 0.0062188613 6742
1 0.005791503 1135
Model info:
digit:2, device:cuda, latent length:24, random_seed:1234
Dataset MNIST
    Number of datapoints: 5958
    Root location: dataset
    Split: Train
2 0.064879924 5958
2 0.06406283 1032
Model info:
digit:3, device:cuda, latent length:24, random_seed:1234
Dataset MNIST
    Number of datapoints: 6131
    Root location: dataset
    Split: Train
3 0.05740934 6131
3 0.055917818 1010
Model info:
digit:4, device:cuda, latent length:24, random_seed:1234
Dataset MNIST
    Number of datapoints: 5842
    Root location: dataset
    Split: Train
4 0.052217107 5842
4 0.05202439 982
Model info:
digit:5, device:cuda, latent length:24, random_seed:1234
Dataset MNIST
    Number of datapoints: 5421
    Root location: dataset
    Split: Train
5 0.06084577 5421
5 0.060715288 892
Model info:
digit:6, device:cuda, latent length:24, random_seed:1234
Dataset MNIST
    Number of datapoints: 5918
    Root location: dataset
    Split: Train
6 0.02682236 5918
6 0.027864415 958
Model info:
digit:7, device:cuda, latent length:24, random_seed:1234
Dataset MNIST
    Number of datapoints: 6265
    Root location: dataset
    Split: Train
7 0.017501548 6265
7 0.017496452 1028
Model info:
digit:8, device:cuda, latent length:24, random_seed:1234
Dataset MNIST
    Number of datapoints: 5851
    Root location: dataset
    Split: Train
8 0.0304069 5851
8 0.031651955 974
Model info:
digit:9, device:cuda, latent length:24, random_seed:1234
Dataset MNIST
    Number of datapoints: 5949
    Root location: dataset
    Split: Train
9 0.019684497 5949
9 0.019606886 1009
Accuracy sore: 0.6987
Running for latent length 25
AE
Model info:
digit:0, device:cuda, latent length:25, random_seed:1234
Dataset MNIST
    Number of datapoints: 5923
    Root location: dataset
    Split: Train
0 0.02260795 5923
0 0.022741033 980
Model info:
digit:1, device:cuda, latent length:25, random_seed:1234
Dataset MNIST
    Number of datapoints: 6742
    Root location: dataset
    Split: Train
1 0.0061861053 6742
1 0.0058043115 1135
Model info:
digit:2, device:cuda, latent length:25, random_seed:1234
Dataset MNIST
    Number of datapoints: 5958
    Root location: dataset
    Split: Train
2 0.02806361 5958
2 0.027743772 1032
Model info:
digit:3, device:cuda, latent length:25, random_seed:1234
Dataset MNIST
    Number of datapoints: 6131
    Root location: dataset
    Split: Train
3 0.02526386 6131
3 0.02568883 1010
Model info:
digit:4, device:cuda, latent length:25, random_seed:1234
Dataset MNIST
    Number of datapoints: 5842
    Root location: dataset
    Split: Train
4 0.022934915 5842
4 0.022456773 982
Model info:
digit:5, device:cuda, latent length:25, random_seed:1234
Dataset MNIST
    Number of datapoints: 5421
    Root location: dataset
    Split: Train
5 0.026787149 5421
5 0.027188357 892
Model info:
digit:6, device:cuda, latent length:25, random_seed:1234
Dataset MNIST
    Number of datapoints: 5918
    Root location: dataset
    Split: Train
6 0.026281565 5918
6 0.027465872 958
Model info:
digit:7, device:cuda, latent length:25, random_seed:1234
Dataset MNIST
    Number of datapoints: 6265
    Root location: dataset
    Split: Train
7 0.016983362 6265
7 0.017272996 1028
Model info:
digit:8, device:cuda, latent length:25, random_seed:1234
Dataset MNIST
    Number of datapoints: 5851
    Root location: dataset
    Split: Train
8 0.029727172 5851
8 0.031338252 974
Model info:
digit:9, device:cuda, latent length:25, random_seed:1234
Dataset MNIST
    Number of datapoints: 5949
    Root location: dataset
    Split: Train
9 0.018820167 5949
9 0.018760387 1009
Accuracy sore: 0.9926
Running for latent length 26
AE
Model info:
digit:0, device:cuda, latent length:26, random_seed:1234
Dataset MNIST
    Number of datapoints: 5923
    Root location: dataset
    Split: Train
0 0.022440277 5923
0 0.022683177 980
Model info:
digit:1, device:cuda, latent length:26, random_seed:1234
Dataset MNIST
    Number of datapoints: 6742
    Root location: dataset
    Split: Train
1 0.0063024717 6742
1 0.005897784 1135
Model info:
digit:2, device:cuda, latent length:26, random_seed:1234
Dataset MNIST
    Number of datapoints: 5958
    Root location: dataset
    Split: Train
2 0.029737173 5958
2 0.029389577 1032
Model info:
digit:3, device:cuda, latent length:26, random_seed:1234
Dataset MNIST
    Number of datapoints: 6131
    Root location: dataset
    Split: Train
3 0.028772805 6131
3 0.029196696 1010
Model info:
digit:4, device:cuda, latent length:26, random_seed:1234
Dataset MNIST
    Number of datapoints: 5842
    Root location: dataset
    Split: Train
4 0.021459453 5842
4 0.021240322 982
Model info:
digit:5, device:cuda, latent length:26, random_seed:1234
Dataset MNIST
    Number of datapoints: 5421
    Root location: dataset
    Split: Train
5 0.026723849 5421
5 0.027207725 892
Model info:
digit:6, device:cuda, latent length:26, random_seed:1234
Dataset MNIST
    Number of datapoints: 5918
    Root location: dataset
    Split: Train
6 0.026283417 5918
6 0.02709891 958
Model info:
digit:7, device:cuda, latent length:26, random_seed:1234
Dataset MNIST
    Number of datapoints: 6265
    Root location: dataset
    Split: Train
7 0.017402837 6265
7 0.017461937 1028
Model info:
digit:8, device:cuda, latent length:26, random_seed:1234
Dataset MNIST
    Number of datapoints: 5851
    Root location: dataset
    Split: Train
8 0.029951688 5851
8 0.031619664 974
Model info:
digit:9, device:cuda, latent length:26, random_seed:1234
Dataset MNIST
    Number of datapoints: 5949
    Root location: dataset
    Split: Train
9 0.018895304 5949
9 0.018922977 1009
Accuracy sore: 0.9873
Running for latent length 27
AE
Model info:
digit:0, device:cuda, latent length:27, random_seed:1234
Dataset MNIST
    Number of datapoints: 5923
    Root location: dataset
    Split: Train
0 0.022709753 5923
0 0.023112947 980
Model info:
digit:1, device:cuda, latent length:27, random_seed:1234
Dataset MNIST
    Number of datapoints: 6742
    Root location: dataset
    Split: Train
1 0.006231106 6742
1 0.005812883 1135
Model info:
digit:2, device:cuda, latent length:27, random_seed:1234
Dataset MNIST
    Number of datapoints: 5958
    Root location: dataset
    Split: Train
2 0.028137865 5958
2 0.027792096 1032
Model info:
digit:3, device:cuda, latent length:27, random_seed:1234
Dataset MNIST
    Number of datapoints: 6131
    Root location: dataset
    Split: Train
3 0.024197865 6131
3 0.024474818 1010
Model info:
digit:4, device:cuda, latent length:27, random_seed:1234
Dataset MNIST
    Number of datapoints: 5842
    Root location: dataset
    Split: Train
4 0.02198778 5842
4 0.021818172 982
Model info:
digit:5, device:cuda, latent length:27, random_seed:1234
Dataset MNIST
    Number of datapoints: 5421
    Root location: dataset
    Split: Train
5 0.026918117 5421
5 0.027230807 892
Model info:
digit:6, device:cuda, latent length:27, random_seed:1234
Dataset MNIST
    Number of datapoints: 5918
    Root location: dataset
    Split: Train
6 0.026585212 5918
6 0.0276322 958
Model info:
digit:7, device:cuda, latent length:27, random_seed:1234
Dataset MNIST
    Number of datapoints: 6265
    Root location: dataset
    Split: Train
7 0.01708215 6265
7 0.01724125 1028
Model info:
digit:8, device:cuda, latent length:27, random_seed:1234
Dataset MNIST
    Number of datapoints: 5851
    Root location: dataset
    Split: Train
8 0.030171268 5851
8 0.031664327 974
Model info:
digit:9, device:cuda, latent length:27, random_seed:1234
Dataset MNIST
    Number of datapoints: 5949
    Root location: dataset
    Split: Train
9 0.019176763 5949
9 0.019285684 1009
Accuracy sore: 0.9945
Running for latent length 28
AE
Model info:
digit:0, device:cuda, latent length:28, random_seed:1234
Dataset MNIST
    Number of datapoints: 5923
    Root location: dataset
    Split: Train
0 0.022680497 5923
0 0.022848401 980
Model info:
digit:1, device:cuda, latent length:28, random_seed:1234
Dataset MNIST
    Number of datapoints: 6742
    Root location: dataset
    Split: Train
1 0.0062108957 6742
1 0.0058165523 1135
Model info:
digit:2, device:cuda, latent length:28, random_seed:1234
Dataset MNIST
    Number of datapoints: 5958
    Root location: dataset
    Split: Train
2 0.064870626 5958
2 0.06403562 1032
Model info:
digit:3, device:cuda, latent length:28, random_seed:1234
Dataset MNIST
    Number of datapoints: 6131
    Root location: dataset
    Split: Train
3 0.02844747 6131
3 0.028506964 1010
Model info:
digit:4, device:cuda, latent length:28, random_seed:1234
Dataset MNIST
    Number of datapoints: 5842
    Root location: dataset
    Split: Train
4 0.025661876 5842
4 0.025696991 982
Model info:
digit:5, device:cuda, latent length:28, random_seed:1234
Dataset MNIST
    Number of datapoints: 5421
    Root location: dataset
    Split: Train
5 0.027143177 5421
5 0.027608333 892
Model info:
digit:6, device:cuda, latent length:28, random_seed:1234
Dataset MNIST
    Number of datapoints: 5918
    Root location: dataset
    Split: Train
6 0.026932374 5918
6 0.027768962 958
Model info:
digit:7, device:cuda, latent length:28, random_seed:1234
Dataset MNIST
    Number of datapoints: 6265
    Root location: dataset
    Split: Train
7 0.01693718 6265
7 0.01707806 1028
Model info:
digit:8, device:cuda, latent length:28, random_seed:1234
Dataset MNIST
    Number of datapoints: 5851
    Root location: dataset
    Split: Train
8 0.030625988 5851
8 0.031596817 974
Model info:
digit:9, device:cuda, latent length:28, random_seed:1234
Dataset MNIST
    Number of datapoints: 5949
    Root location: dataset
    Split: Train
9 0.020145915 5949
9 0.020039622 1009
Accuracy sore: 0.9915
Running for latent length 29
AE
Model info:
digit:0, device:cuda, latent length:29, random_seed:1234
Dataset MNIST
    Number of datapoints: 5923
    Root location: dataset
    Split: Train
0 0.022420553 5923
0 0.022562167 980
Model info:
digit:1, device:cuda, latent length:29, random_seed:1234
Dataset MNIST
    Number of datapoints: 6742
    Root location: dataset
    Split: Train
1 0.0063478937 6742
1 0.005969152 1135
Model info:
digit:2, device:cuda, latent length:29, random_seed:1234
Dataset MNIST
    Number of datapoints: 5958
    Root location: dataset
    Split: Train
2 0.06488982 5958
2 0.064035475 1032
Model info:
digit:3, device:cuda, latent length:29, random_seed:1234
Dataset MNIST
    Number of datapoints: 6131
    Root location: dataset
    Split: Train
3 0.05750666 6131
3 0.05588737 1010
Model info:
digit:4, device:cuda, latent length:29, random_seed:1234
Dataset MNIST
    Number of datapoints: 5842
    Root location: dataset
    Split: Train
4 0.021936653 5842
4 0.021707516 982
Model info:
digit:5, device:cuda, latent length:29, random_seed:1234
Dataset MNIST
    Number of datapoints: 5421
    Root location: dataset
    Split: Train
5 0.0607881 5421
5 0.0606786 892
Model info:
digit:6, device:cuda, latent length:29, random_seed:1234
Dataset MNIST
    Number of datapoints: 5918
    Root location: dataset
    Split: Train
6 0.025905397 5918
6 0.026886852 958
Model info:
digit:7, device:cuda, latent length:29, random_seed:1234
Dataset MNIST
    Number of datapoints: 6265
    Root location: dataset
    Split: Train
7 0.016991729 6265
7 0.017102715 1028
Model info:
digit:8, device:cuda, latent length:29, random_seed:1234
Dataset MNIST
    Number of datapoints: 5851
    Root location: dataset
    Split: Train
8 0.030447546 5851
8 0.031942103 974
Model info:
digit:9, device:cuda, latent length:29, random_seed:1234
Dataset MNIST
    Number of datapoints: 5949
    Root location: dataset
    Split: Train
9 0.020997409 5949
9 0.021115912 1009
Accuracy sore: 0.9949
Running for latent length 30
AE
Model info:
digit:0, device:cuda, latent length:30, random_seed:1234
Dataset MNIST
    Number of datapoints: 5923
    Root location: dataset
    Split: Train
0 0.022526404 5923
0 0.02273426 980
Model info:
digit:1, device:cuda, latent length:30, random_seed:1234
Dataset MNIST
    Number of datapoints: 6742
    Root location: dataset
    Split: Train
1 0.00641321 6742
1 0.0059777717 1135
Model info:
digit:2, device:cuda, latent length:30, random_seed:1234
Dataset MNIST
    Number of datapoints: 5958
    Root location: dataset
    Split: Train
2 0.026850203 5958
2 0.02651272 1032
Model info:
digit:3, device:cuda, latent length:30, random_seed:1234
Dataset MNIST
    Number of datapoints: 6131
    Root location: dataset
    Split: Train
3 0.027399654 6131
3 0.02790018 1010
Model info:
digit:4, device:cuda, latent length:30, random_seed:1234
Dataset MNIST
    Number of datapoints: 5842
    Root location: dataset
    Split: Train
4 0.020957481 5842
4 0.020945776 982
Model info:
digit:5, device:cuda, latent length:30, random_seed:1234
Dataset MNIST
    Number of datapoints: 5421
    Root location: dataset
    Split: Train
5 0.026732273 5421
5 0.0269045 892
Model info:
digit:6, device:cuda, latent length:30, random_seed:1234
Dataset MNIST
    Number of datapoints: 5918
    Root location: dataset
    Split: Train
6 0.026193596 5918
6 0.027040437 958
Model info:
digit:7, device:cuda, latent length:30, random_seed:1234
Dataset MNIST
    Number of datapoints: 6265
    Root location: dataset
    Split: Train
7 0.017442672 6265
7 0.017393706 1028
Model info:
digit:8, device:cuda, latent length:30, random_seed:1234
Dataset MNIST
    Number of datapoints: 5851
    Root location: dataset
    Split: Train
8 0.030371739 5851
8 0.031606857 974
Model info:
digit:9, device:cuda, latent length:30, random_seed:1234
Dataset MNIST
    Number of datapoints: 5949
    Root location: dataset
    Split: Train
9 0.019171203 5949
9 0.0190413 1009
Accuracy sore: 0.9888
Finish Run
end time is 'date'
