Thu 02 Feb 2023 07:24:50 PM EST
Digit 0 train loss: 42.30731593236194
Digit 0 test loss: 42.36905531591299
Digit 1 train loss: 24.639033965702335
Digit 1 test loss: 24.303602548002672
Digit 2 train loss: 49.326869136097045
Digit 2 test loss: 48.82876275860986
Digit 3 train loss: 45.51264346254492
Digit 3 test loss: 45.360614102429686
Digit 4 train loss: 41.96009193206233
Digit 4 test loss: 41.53559594630224
Digit 5 train loss: 45.919935203922385
Digit 5 test loss: 46.318775093608906
Digit 6 train loss: 40.63052332808174
Digit 6 test loss: 41.61771658616673
Digit 7 train loss: 37.52291313865521
Digit 7 test loss: 37.437789260181475
Digit 8 train loss: 47.206700307897904
Digit 8 test loss: 47.94738854911538
Digit 9 train loss: 39.042247336819344
Digit 9 test loss: 38.91432530201816
VAE 30 35354 0.2617
Digit 0 train loss: 41.621178831660465
Digit 0 test loss: 42.049766063690186
Digit 1 train loss: 24.038663867247703
Digit 1 test loss: 23.735561145664835
Digit 2 train loss: 48.45149049954192
Digit 2 test loss: 48.27300759803417
Digit 3 train loss: 44.66585044506187
Digit 3 test loss: 44.813009003365394
Digit 4 train loss: 41.37916695243159
Digit 4 test loss: 41.37297719073636
Digit 5 train loss: 44.958921871596964
Digit 5 test loss: 45.09907891397519
Digit 6 train loss: 39.88010826768324
Digit 6 test loss: 40.898006811520254
Digit 7 train loss: 37.07293210741243
Digit 7 test loss: 36.8290692414755
Digit 8 train loss: 46.357035289236954
Digit 8 test loss: 46.979875141590284
Digit 9 train loss: 38.518443316486746
Digit 9 test loss: 38.18069007351802
VAE 30 35354 0.2412
Digit 0 train loss: 45.26689507746725
Digit 0 test loss: 44.989568755091454
Digit 1 train loss: 26.080484062654264
Digit 1 test loss: 25.924241758338155
Digit 2 train loss: 51.66225814307124
Digit 2 test loss: 50.80006731757822
Digit 3 train loss: 47.679400285525766
Digit 3 test loss: 46.988356050170296
Digit 4 train loss: 44.189462941217734
Digit 4 test loss: 43.859212028518954
Digit 5 train loss: 47.67822524688051
Digit 5 test loss: 47.80167965397172
Digit 6 train loss: 43.50231163950537
Digit 6 test loss: 44.25053387444801
Digit 7 train loss: 40.17804846128082
Digit 7 test loss: 39.83178917443242
Digit 8 train loss: 48.88835836308488
Digit 8 test loss: 49.11151667248297
Digit 9 train loss: 41.16298819590184
Digit 9 test loss: 40.54484463966755
VAE 30 35354 0.1944
Digit 0 train loss: 43.16416615278923
Digit 0 test loss: 43.263759688941796
Digit 1 train loss: 24.942529005029723
Digit 1 test loss: 24.73160958731227
Digit 2 train loss: 50.22354238343023
Digit 2 test loss: 49.231368787528936
Digit 3 train loss: 46.157066243174334
Digit 3 test loss: 45.628702516839056
Digit 4 train loss: 42.837841165184116
Digit 4 test loss: 42.561714626863875
Digit 5 train loss: 46.194909820739596
Digit 5 test loss: 46.27189860536379
Digit 6 train loss: 41.884879736209
Digit 6 test loss: 42.54539064873236
Digit 7 train loss: 38.746755863625054
Digit 7 test loss: 38.38446463128472
Digit 8 train loss: 47.763317699168326
Digit 8 test loss: 48.032292894758974
Digit 9 train loss: 39.96980312287777
Digit 9 test loss: 39.18926579274082
VAE 30 35354 0.2259
Digit 0 train loss: 44.08416144316128
Digit 0 test loss: 44.32915167516592
Digit 1 train loss: 26.421042036069533
Digit 1 test loss: 26.168927264108532
Digit 2 train loss: 50.682688247921405
Digit 2 test loss: 50.35637331193732
Digit 3 train loss: 47.12907178272452
Digit 3 test loss: 46.86874843446335
Digit 4 train loss: 43.711404342350995
Digit 4 test loss: 43.64606674528413
Digit 5 train loss: 47.94453898058499
Digit 5 test loss: 48.30543259761793
Digit 6 train loss: 42.63490585573383
Digit 6 test loss: 43.502332942222004
Digit 7 train loss: 39.544746482648186
Digit 7 test loss: 39.40489616653799
Digit 8 train loss: 49.05607643609902
Digit 8 test loss: 49.99946730337594
Digit 9 train loss: 41.257428288359584
Digit 9 test loss: 40.916286005373635
VAE 35 35354 0.2406
Digit 0 train loss: 43.00201195944368
Digit 0 test loss: 43.636576958091894
Digit 1 train loss: 25.81876555849911
Digit 1 test loss: 25.618025716705993
Digit 2 train loss: 49.91880493445779
Digit 2 test loss: 49.81662269340929
Digit 3 train loss: 46.649434210833746
Digit 3 test loss: 46.975187326185775
Digit 4 train loss: 42.85145216827236
Digit 4 test loss: 42.74102203811987
Digit 5 train loss: 46.69175974035413
Digit 5 test loss: 46.87707839632248
Digit 6 train loss: 41.842447654747325
Digit 6 test loss: 43.07994554236936
Digit 7 train loss: 38.81606862158749
Digit 7 test loss: 39.017693447231785
Digit 8 train loss: 48.06947256475203
Digit 8 test loss: 48.97795192514847
Digit 9 train loss: 40.171855508108905
Digit 9 test loss: 39.68613788275818
VAE 35 35354 0.2548
Digit 0 train loss: 47.96752772507546
Digit 0 test loss: 48.112057681959506
Digit 1 train loss: 28.02497294450577
Digit 1 test loss: 27.753712681841744
Digit 2 train loss: 53.51301467110543
Digit 2 test loss: 53.11734488952992
Digit 3 train loss: 49.50589277304477
Digit 3 test loss: 48.79884656207396
Digit 4 train loss: 46.167979839198274
Digit 4 test loss: 45.89631914655448
Digit 5 train loss: 49.36463950705515
Digit 5 test loss: 49.998074131696214
Digit 6 train loss: 45.551941165492195
Digit 6 test loss: 46.36448037898118
Digit 7 train loss: 41.37269406543193
Digit 7 test loss: 41.05750265010136
Digit 8 train loss: 51.03294936906902
Digit 8 test loss: 50.94756683138117
Digit 9 train loss: 43.58790135828462
Digit 9 test loss: 42.9724680198314
VAE 35 35354 0.2052
Digit 0 train loss: 45.513429275582254
Digit 0 test loss: 45.69326775219976
Digit 1 train loss: 26.9878910475476
Digit 1 test loss: 26.520856015377632
Digit 2 train loss: 52.13724680641587
Digit 2 test loss: 51.19048278645952
Digit 3 train loss: 48.211189704002784
Digit 3 test loss: 47.872548518794595
Digit 4 train loss: 44.932290900941176
Digit 4 test loss: 44.51697347023337
Digit 5 train loss: 48.48024224944714
Digit 5 test loss: 48.529959193259614
Digit 6 train loss: 44.09581502332362
Digit 6 test loss: 45.04914521872375
Digit 7 train loss: 39.93542691905881
Digit 7 test loss: 39.729042236907006
Digit 8 train loss: 49.71797326315654
Digit 8 test loss: 49.76538373606406
Digit 9 train loss: 42.09063166100391
Digit 9 test loss: 41.537992084227184
VAE 35 35354 0.2069
Digit 0 train loss: 46.36009065762336
Digit 0 test loss: 46.362680695981396
Digit 1 train loss: 28.473355849466067
Digit 1 test loss: 28.11767338824167
Digit 2 train loss: 52.79534034882668
Digit 2 test loss: 52.50722145479779
Digit 3 train loss: 48.92002538171761
Digit 3 test loss: 48.90216471983655
Digit 4 train loss: 45.58784442485011
Digit 4 test loss: 45.594320532260745
Digit 5 train loss: 49.513426755191965
Digit 5 test loss: 49.49157823040881
Digit 6 train loss: 44.778935109815635
Digit 6 test loss: 45.71718972908928
Digit 7 train loss: 41.31927588265702
Digit 7 test loss: 41.33450026270944
Digit 8 train loss: 50.847800590099176
Digit 8 test loss: 51.50195582544534
Digit 9 train loss: 43.023955807963986
Digit 9 test loss: 42.67892261728186
VAE 40 35354 0.241
Digit 0 train loss: 45.17579100185525
Digit 0 test loss: 45.55100448374846
Digit 1 train loss: 28.109163497895384
Digit 1 test loss: 27.79720325217898
Digit 2 train loss: 52.0843451853045
Digit 2 test loss: 52.00404253671336
Digit 3 train loss: 48.139842146470755
Digit 3 test loss: 48.110980375686495
Digit 4 train loss: 44.598959079795975
Digit 4 test loss: 44.58987681200451
Digit 5 train loss: 48.69433162846131
Digit 5 test loss: 48.81962291862933
Digit 6 train loss: 43.28415278801849
Digit 6 test loss: 44.167846142125775
Digit 7 train loss: 40.80472027047196
Digit 7 test loss: 40.766033922188015
Digit 8 train loss: 49.97725196887929
Digit 8 test loss: 50.40662123192507
Digit 9 train loss: 42.06135513554462
Digit 9 test loss: 41.834350576485825
VAE 40 35354 0.247
Digit 0 train loss: 50.48774207445409
Digit 0 test loss: 50.39594992228917
Digit 1 train loss: 29.938827128765386
Digit 1 test loss: 29.690527619349275
Digit 2 train loss: 56.01142385110794
Digit 2 test loss: 55.40302438883818
Digit 3 train loss: 51.214396113848494
Digit 3 test loss: 50.75819647382982
Digit 4 train loss: 48.21352975460733
Digit 4 test loss: 47.80612174653716
Digit 5 train loss: 52.240779829209984
Digit 5 test loss: 52.47540917417928
Digit 6 train loss: 48.25743750810381
Digit 6 test loss: 48.87365295991519
Digit 7 train loss: 43.82590220847895
Digit 7 test loss: 43.37860306506027
Digit 8 train loss: 52.99302765268115
Digit 8 test loss: 52.87267142889191
Digit 9 train loss: 45.50985196707208
Digit 9 test loss: 44.79699035395007
VAE 40 35354 0.1935
Digit 0 train loss: 47.497775900108316
Digit 0 test loss: 47.20581822687266
Digit 1 train loss: 29.45213720304115
Digit 1 test loss: 28.89971430102109
Digit 2 train loss: 54.48550817061287
Digit 2 test loss: 54.251674825830975
Digit 3 train loss: 49.84327610583936
Digit 3 test loss: 49.268358895330145
Digit 4 train loss: 46.97210745140528
Digit 4 test loss: 46.47170166085548
Digit 5 train loss: 51.01838124579025
Digit 5 test loss: 51.11403303830613
Digit 6 train loss: 47.1989393147233
Digit 6 test loss: 47.891452446859915
Digit 7 train loss: 42.20606955842599
Digit 7 test loss: 42.25059976280895
Digit 8 train loss: 52.10361672327918
Digit 8 test loss: 52.52923307281745
Digit 9 train loss: 44.251600808627586
Digit 9 test loss: 43.658526342144334
VAE 40 35354 0.2211
Digit 0 train loss: 48.359764358994525
Digit 0 test loss: 48.14161234680487
Digit 1 train loss: 29.503944288054054
Digit 1 test loss: 29.245797112754786
Digit 2 train loss: 55.02603623722175
Digit 2 test loss: 54.886750069699545
Digit 3 train loss: 50.71450535007838
Digit 3 test loss: 50.46904584676913
Digit 4 train loss: 46.98767927190042
Digit 4 test loss: 46.795046518873534
Digit 5 train loss: 51.01631156915757
Digit 5 test loss: 51.3622578804803
Digit 6 train loss: 46.661125901503596
Digit 6 test loss: 47.901076603533085
Digit 7 train loss: 42.844612503051756
Digit 7 test loss: 42.96037916821729
Digit 8 train loss: 52.3448281905077
Digit 8 test loss: 52.806063853739715
Digit 9 train loss: 44.875998209255805
Digit 9 test loss: 44.61322080462846
VAE 45 35354 0.2417
Digit 0 train loss: 46.87264992299966
Digit 0 test loss: 47.31888427150493
Digit 1 train loss: 29.26854221391522
Digit 1 test loss: 29.075128526729635
Digit 2 train loss: 53.65865907032004
Digit 2 test loss: 53.54398793213127
Digit 3 train loss: 50.147253377152545
Digit 3 test loss: 50.167537156662135
Digit 4 train loss: 46.33611135832131
Digit 4 test loss: 46.36775274917696
Digit 5 train loss: 50.316278248997854
Digit 5 test loss: 50.59694476191773
Digit 6 train loss: 45.9145575336767
Digit 6 test loss: 46.50309674376486
Digit 7 train loss: 42.322833679394066
Digit 7 test loss: 42.44336994334417
Digit 8 train loss: 51.71367856437906
Digit 8 test loss: 52.522202055067496
Digit 9 train loss: 43.725140259153285
Digit 9 test loss: 43.51278007325852
VAE 45 35354 0.2514
Digit 0 train loss: 50.87886779646042
Digit 0 test loss: 50.77978739835778
Digit 1 train loss: 31.287458844158
Digit 1 test loss: 31.12390321908018
Digit 2 train loss: 57.22677468885388
Digit 2 test loss: 56.44913114133731
Digit 3 train loss: 52.94958638203823
Digit 3 test loss: 52.1710480737214
Digit 4 train loss: 49.379399308763276
Digit 4 test loss: 49.1128308768185
Digit 5 train loss: 53.29021522115241
Digit 5 test loss: 53.49803203959102
Digit 6 train loss: 49.15356360451923
Digit 6 test loss: 50.15434882138119
Digit 7 train loss: 44.94336910141247
Digit 7 test loss: 44.74937532847957
Digit 8 train loss: 54.51306637933653
Digit 8 test loss: 54.52436445968596
Digit 9 train loss: 46.97035695997922
Digit 9 test loss: 46.31094514981016
VAE 45 35354 0.1927
Digit 0 train loss: 49.41921024042349
Digit 0 test loss: 49.124967037901584
Digit 1 train loss: 30.25356879527121
Digit 1 test loss: 29.922647758517495
Digit 2 train loss: 55.75648982895425
Digit 2 test loss: 55.193487189536874
Digit 3 train loss: 51.3393121034009
Digit 3 test loss: 51.10425999329822
Digit 4 train loss: 48.43227983296468
Digit 4 test loss: 47.85746536526806
Digit 5 train loss: 51.952911451544146
Digit 5 test loss: 51.84124397055451
Digit 6 train loss: 47.93177085359502
Digit 6 test loss: 48.943984491591166
Digit 7 train loss: 43.76819746043334
Digit 7 test loss: 43.669583060862024
Digit 8 train loss: 53.29215471733535
Digit 8 test loss: 53.55937092798691
Digit 9 train loss: 45.7967486722186
Digit 9 test loss: 45.23349961015231
VAE 45 35354 0.221
Digit 0 train loss: 49.68315739964142
Digit 0 test loss: 49.85978115626744
Digit 1 train loss: 31.60651213646784
Digit 1 test loss: 31.4176571900624
Digit 2 train loss: 56.23982139016286
Digit 2 test loss: 55.877708216970284
Digit 3 train loss: 52.57193072121016
Digit 3 test loss: 52.2451150422049
Digit 4 train loss: 49.384531103393385
Digit 4 test loss: 48.81772339076957
Digit 5 train loss: 52.98806795592766
Digit 5 test loss: 53.09617645965029
Digit 6 train loss: 48.047156698117995
Digit 6 test loss: 48.9922824931294
Digit 7 train loss: 44.69492872075281
Digit 7 test loss: 44.35092366066424
Digit 8 train loss: 54.98470444223694
Digit 8 test loss: 55.3186711227135
Digit 9 train loss: 46.51932966482701
Digit 9 test loss: 46.248309996484885
VAE 50 35354 0.2529
Digit 0 train loss: 48.49984775216681
Digit 0 test loss: 49.04733953281325
Digit 1 train loss: 31.12721178489918
Digit 1 test loss: 31.028916329539296
Digit 2 train loss: 55.1301524734369
Digit 2 test loss: 54.98984464379244
Digit 3 train loss: 51.99165501156671
Digit 3 test loss: 51.82334167178315
Digit 4 train loss: 48.447539772247865
Digit 4 test loss: 48.17769736233651
Digit 5 train loss: 51.995794863789705
Digit 5 test loss: 52.197941442241586
Digit 6 train loss: 47.52327263617121
Digit 6 test loss: 48.552410997776995
Digit 7 train loss: 44.33768863297422
Digit 7 test loss: 44.305391536148605
Digit 8 train loss: 53.62936110326193
Digit 8 test loss: 54.21301223316232
Digit 9 train loss: 45.508939138038315
Digit 9 test loss: 45.513381874833044
VAE 50 35354 0.2528
Digit 0 train loss: 53.50620954076563
Digit 0 test loss: 53.097869075074485
Digit 1 train loss: 32.907559996010534
Digit 1 test loss: 32.67783124478378
Digit 2 train loss: 59.42259467292368
Digit 2 test loss: 58.37856301226357
Digit 3 train loss: 54.97169781462284
Digit 3 test loss: 54.07770600271697
Digit 4 train loss: 51.53701720716038
Digit 4 test loss: 50.80737761518863
Digit 5 train loss: 55.707343336709464
Digit 5 test loss: 55.957546764425096
Digit 6 train loss: 51.324912535656786
Digit 6 test loss: 52.1001455430447
Digit 7 train loss: 47.44414729935021
Digit 7 test loss: 47.19993196294465
Digit 8 train loss: 56.65049522763704
Digit 8 test loss: 56.425447522737166
Digit 9 train loss: 49.119655867547905
Digit 9 test loss: 48.34043320390231
VAE 50 35354 0.1881
Digit 0 train loss: 51.65086101845634
Digit 0 test loss: 52.02387169429234
Digit 1 train loss: 31.91544872686793
Digit 1 test loss: 31.91610041714975
Digit 2 train loss: 58.349995859279936
Digit 2 test loss: 58.05882235090862
Digit 3 train loss: 54.18823154177562
Digit 3 test loss: 53.41435026792016
Digit 4 train loss: 50.75937443667591
Digit 4 test loss: 50.52478878464087
Digit 5 train loss: 54.657879522422476
Digit 5 test loss: 54.44251476595755
Digit 6 train loss: 49.89698976598587
Digit 6 test loss: 50.67767661897026
Digit 7 train loss: 46.37071475662999
Digit 7 test loss: 46.066110468096305
Digit 8 train loss: 55.99504964108387
Digit 8 test loss: 55.97540557360013
Digit 9 train loss: 48.125415489080076
Digit 9 test loss: 47.43156095302495
VAE 50 35354 0.2199
Digit 0 train loss: 51.63739470752856
Digit 0 test loss: 51.67074177411138
Digit 1 train loss: 33.73215196310183
Digit 1 test loss: 33.505367699173576
Digit 2 train loss: 58.45375507427727
Digit 2 test loss: 57.844828402349194
Digit 3 train loss: 54.29440716650295
Digit 3 test loss: 53.91501074687089
Digit 4 train loss: 50.973921103577055
Digit 4 test loss: 50.57453642648981
Digit 5 train loss: 55.359528156471214
Digit 5 test loss: 55.764988381766415
Digit 6 train loss: 50.39338203731845
Digit 6 test loss: 51.24825472423577
Digit 7 train loss: 46.793039927440745
Digit 7 test loss: 46.75379549390147
Digit 8 train loss: 56.235979729239865
Digit 8 test loss: 56.39225368773913
Digit 9 train loss: 48.18665223980094
Digit 9 test loss: 47.69234152757023
VAE 55 35354 0.2565
Digit 0 train loss: 50.69451840986941
Digit 0 test loss: 50.97545798554712
Digit 1 train loss: 33.07258906176309
Digit 1 test loss: 32.592932547346614
Digit 2 train loss: 57.08230553556905
Digit 2 test loss: 56.85001712621644
Digit 3 train loss: 53.69637241715068
Digit 3 test loss: 54.070506652983106
Digit 4 train loss: 50.317645773255876
Digit 4 test loss: 50.309647884485436
Digit 5 train loss: 54.12225561699641
Digit 5 test loss: 54.388810405816734
Digit 6 train loss: 48.902874834757476
Digit 6 test loss: 50.07828715250736
Digit 7 train loss: 46.06197751221044
Digit 7 test loss: 46.229372245328435
Digit 8 train loss: 55.11857745415573
Digit 8 test loss: 55.83483985415229
Digit 9 train loss: 47.21530736460568
Digit 9 test loss: 46.79294334767004
VAE 55 35354 0.2635
Digit 0 train loss: 55.94258435964383
Digit 0 test loss: 55.53462335236218
Digit 1 train loss: 35.24396517014369
Digit 1 test loss: 34.84063996470447
Digit 2 train loss: 61.371001278485735
Digit 2 test loss: 60.40356301152429
Digit 3 train loss: 56.59096247421511
Digit 3 test loss: 55.915641376759744
Digit 4 train loss: 53.414460823087815
Digit 4 test loss: 52.91768238743551
Digit 5 train loss: 57.563150062835476
Digit 5 test loss: 57.35849445069317
Digit 6 train loss: 53.04512672643478
Digit 6 test loss: 53.81740298500141
Digit 7 train loss: 49.22774444452211
Digit 7 test loss: 48.89279368693727
Digit 8 train loss: 58.34433022386456
Digit 8 test loss: 58.45405815563163
Digit 9 train loss: 50.93730444338246
Digit 9 test loss: 50.322672168138126
VAE 55 35354 0.1781
Digit 0 train loss: 53.421132647546386
Digit 0 test loss: 53.96170311363376
Digit 1 train loss: 34.88879168008846
Digit 1 test loss: 34.2909764613349
Digit 2 train loss: 60.38404848112201
Digit 2 test loss: 60.02438293501388
Digit 3 train loss: 55.66230748228995
Digit 3 test loss: 55.47696148711856
Digit 4 train loss: 52.59113522940652
Digit 4 test loss: 52.320002526712514
Digit 5 train loss: 56.26934459090255
Digit 5 test loss: 56.126585489965876
Digit 6 train loss: 52.2764890315606
Digit 6 test loss: 53.29105486302386
Digit 7 train loss: 48.004283441054945
Digit 7 test loss: 47.79317459893134
Digit 8 train loss: 57.72100891363639
Digit 8 test loss: 58.02800520440636
Digit 9 train loss: 50.28654816467675
Digit 9 test loss: 49.75136706425012
VAE 55 35354 0.1938
Digit 0 train loss: 53.346818380695574
Digit 0 test loss: 53.39986377638213
Digit 1 train loss: 35.141301157353574
Digit 1 test loss: 35.00105946578643
Digit 2 train loss: 59.928560121221885
Digit 2 test loss: 59.5422904325086
Digit 3 train loss: 56.45628990704697
Digit 3 test loss: 56.47975674997462
Digit 4 train loss: 52.69301417101658
Digit 4 test loss: 52.65737329626763
Digit 5 train loss: 56.72990715563066
Digit 5 test loss: 57.011255272835356
Digit 6 train loss: 51.672832585057925
Digit 6 test loss: 52.594690215363634
Digit 7 train loss: 48.28298544613533
Digit 7 test loss: 48.086861083479704
Digit 8 train loss: 58.1202981616672
Digit 8 test loss: 58.66226317701398
Digit 9 train loss: 49.98476978173114
Digit 9 test loss: 49.75976329610653
VAE 60 35354 0.2386
Digit 0 train loss: 52.264673132882734
Digit 0 test loss: 52.74244816449224
Digit 1 train loss: 34.795905956278496
Digit 1 test loss: 34.68840931795767
Digit 2 train loss: 58.983479923352014
Digit 2 test loss: 58.877718781316005
Digit 3 train loss: 55.61158285543865
Digit 3 test loss: 55.651405360911156
Digit 4 train loss: 52.02466298161774
Digit 4 test loss: 51.73032148015475
Digit 5 train loss: 56.05634936114735
Digit 5 test loss: 56.330650231228816
Digit 6 train loss: 50.826248613714
Digit 6 test loss: 51.8259657419798
Digit 7 train loss: 47.36811970302037
Digit 7 test loss: 47.66549113381234
Digit 8 train loss: 57.090506914680255
Digit 8 test loss: 57.38552997831936
Digit 9 train loss: 49.19389227102295
Digit 9 test loss: 49.1877028330112
VAE 60 35354 0.2248
Digit 0 train loss: 57.67892114451542
Digit 0 test loss: 57.491986819675994
Digit 1 train loss: 36.91975917833136
Digit 1 test loss: 36.99985420462318
Digit 2 train loss: 63.14970358957097
Digit 2 test loss: 62.32636077644289
Digit 3 train loss: 58.509852743327684
Digit 3 test loss: 57.999180349973166
Digit 4 train loss: 55.20235333937319
Digit 4 test loss: 54.978658342070105
Digit 5 train loss: 59.467958704700905
Digit 5 test loss: 59.4882760625249
Digit 6 train loss: 54.82075853789324
Digit 6 test loss: 55.44026781372835
Digit 7 train loss: 51.071353040422714
Digit 7 test loss: 50.851839392101716
Digit 8 train loss: 60.00518736629848
Digit 8 test loss: 60.37499413695913
Digit 9 train loss: 52.57452664974057
Digit 9 test loss: 51.77668272232041
VAE 60 35354 0.1715
Digit 0 train loss: 55.270583848182
Digit 0 test loss: 55.71189211242053
Digit 1 train loss: 35.73756870110217
Digit 1 test loss: 35.458982297922546
Digit 2 train loss: 61.99273224747713
Digit 2 test loss: 61.59927598450535
Digit 3 train loss: 57.82749439961874
Digit 3 test loss: 57.543984626543406
Digit 4 train loss: 54.37893329569429
Digit 4 test loss: 54.2169530328568
Digit 5 train loss: 58.53774648433109
Digit 5 test loss: 58.50736038139583
Digit 6 train loss: 54.10892686331421
Digit 6 test loss: 55.03133761459701
Digit 7 train loss: 50.25543630558875
Digit 7 test loss: 50.34072865400797
Digit 8 train loss: 59.02761833909393
Digit 8 test loss: 59.23742374208673
Digit 9 train loss: 51.85236798143924
Digit 9 test loss: 51.42625372048294
VAE 60 35354 0.2018
Digit 0 train loss: 55.262354148595534
Digit 0 test loss: 55.69447330552705
Digit 1 train loss: 37.11804713993531
Digit 1 test loss: 36.93303279792685
Digit 2 train loss: 62.353512829604185
Digit 2 test loss: 61.76407531250355
Digit 3 train loss: 58.06993068246464
Digit 3 test loss: 57.92192626802048
Digit 4 train loss: 54.69831673799415
Digit 4 test loss: 54.335977076512975
Digit 5 train loss: 58.262223586937615
Digit 5 test loss: 58.48265431066265
Digit 6 train loss: 53.85110858583337
Digit 6 test loss: 54.833243937482415
Digit 7 train loss: 50.183559778796514
Digit 7 test loss: 50.017953316061416
Digit 8 train loss: 60.22963193085963
Digit 8 test loss: 60.515407100105676
Digit 9 train loss: 52.01005242110942
Digit 9 test loss: 51.47504894608194
VAE 65 35354 0.2401
Digit 0 train loss: 54.07963796252035
Digit 0 test loss: 54.576940559854314
Digit 1 train loss: 36.5048471955509
Digit 1 test loss: 36.196494857855306
Digit 2 train loss: 61.18709800210564
Digit 2 test loss: 60.84149502598962
Digit 3 train loss: 57.23905069702427
Digit 3 test loss: 57.28031248715845
Digit 4 train loss: 53.82591532256986
Digit 4 test loss: 53.85019804261124
Digit 5 train loss: 57.24905205722929
Digit 5 test loss: 57.59180884510947
Digit 6 train loss: 52.830328317057564
Digit 6 test loss: 54.10547258062502
Digit 7 train loss: 49.563319900524874
Digit 7 test loss: 49.46573488999898
Digit 8 train loss: 59.0143114382376
Digit 8 test loss: 59.546615346011684
Digit 9 train loss: 50.86901270599801
Digit 9 test loss: 50.953649329950125
VAE 65 35354 0.2397
Digit 0 train loss: 59.81910187365255
Digit 0 test loss: 59.45936957768031
Digit 1 train loss: 38.59267049329424
Digit 1 test loss: 38.2688556116583
Digit 2 train loss: 65.0366241670207
Digit 2 test loss: 63.69616346581038
Digit 3 train loss: 60.5557098332674
Digit 3 test loss: 60.307673414626926
Digit 4 train loss: 57.11952979529569
Digit 4 test loss: 56.67113880615856
Digit 5 train loss: 61.27766600571706
Digit 5 test loss: 61.31385285758117
Digit 6 train loss: 56.8916165499157
Digit 6 test loss: 58.08611094528548
Digit 7 train loss: 52.93913667378955
Digit 7 test loss: 52.672697445761834
Digit 8 train loss: 62.21774792121101
Digit 8 test loss: 62.340547412817486
Digit 9 train loss: 54.54518514105123
Digit 9 test loss: 53.930820045433386
VAE 65 35354 0.1679
Digit 0 train loss: 58.64508392576146
Digit 0 test loss: 58.22951225358613
Digit 1 train loss: 37.69503049587362
Digit 1 test loss: 37.50363470069112
Digit 2 train loss: 64.01313860106684
Digit 2 test loss: 63.42313590160636
Digit 3 train loss: 60.122864274134
Digit 3 test loss: 59.31749226787303
Digit 4 train loss: 56.33578524055729
Digit 4 test loss: 56.01043887633656
Digit 5 train loss: 60.392329523691366
Digit 5 test loss: 60.582785585001446
Digit 6 train loss: 55.39110172435455
Digit 6 test loss: 56.35523796479737
Digit 7 train loss: 52.25146992493894
Digit 7 test loss: 51.846298306832516
Digit 8 train loss: 61.4307355468364
Digit 8 test loss: 61.581892272040584
Digit 9 train loss: 53.59916001661502
Digit 9 test loss: 52.96676845191374
VAE 65 35354 0.1983
Digit 0 train loss: 57.51878917963948
Digit 0 test loss: 57.7266835699276
Digit 1 train loss: 39.0170399861886
Digit 1 test loss: 38.8897363284611
Digit 2 train loss: 64.17902499055174
Digit 2 test loss: 63.45394921487616
Digit 3 train loss: 59.96051790383332
Digit 3 test loss: 59.61905991204895
Digit 4 train loss: 56.97690741210227
Digit 4 test loss: 56.542801901667765
Digit 5 train loss: 61.432205747665236
Digit 5 test loss: 61.6108030652786
Digit 6 train loss: 55.5854066685673
Digit 6 test loss: 56.328380524987715
Digit 7 train loss: 52.10024489564888
Digit 7 test loss: 51.989557826565395
Digit 8 train loss: 61.73655839553961
Digit 8 test loss: 62.11108623246148
Digit 9 train loss: 53.627033261856845
Digit 9 test loss: 53.382043193896536
VAE 70 35354 0.2471
Digit 0 train loss: 56.21883612727265
Digit 0 test loss: 56.571008981977194
Digit 1 train loss: 38.29906204764548
Digit 1 test loss: 38.138762427846764
Digit 2 train loss: 62.65900217218261
Digit 2 test loss: 62.30652707491734
Digit 3 train loss: 58.986146736798325
Digit 3 test loss: 58.580517578125
Digit 4 train loss: 55.662305775753076
Digit 4 test loss: 55.59674459562282
Digit 5 train loss: 59.65749061751951
Digit 5 test loss: 59.974234298740264
Digit 6 train loss: 54.707898944727106
Digit 6 test loss: 55.79501277469643
Digit 7 train loss: 51.40471265873525
Digit 7 test loss: 51.30651709634506
Digit 8 train loss: 60.67923476108831
Digit 8 test loss: 61.39951728256821
Digit 9 train loss: 52.775644584190225
Digit 9 test loss: 52.64680566400201
VAE 70 35354 0.2477
Digit 0 train loss: 62.127765564706785
Digit 0 test loss: 62.06276542507872
Digit 1 train loss: 40.35545971060464
Digit 1 test loss: 40.16830483323152
Digit 2 train loss: 66.85119210173116
Digit 2 test loss: 66.16415124346119
Digit 3 train loss: 62.258606788910264
Digit 3 test loss: 61.51570476494213
Digit 4 train loss: 58.896176214456474
Digit 4 test loss: 58.19532568051713
Digit 5 train loss: 63.056519409669455
Digit 5 test loss: 63.01314462567659
Digit 6 train loss: 58.55840478905474
Digit 6 test loss: 59.34576323634647
Digit 7 train loss: 54.63517241664439
Digit 7 test loss: 54.14015086058976
Digit 8 train loss: 63.85715291308982
Digit 8 test loss: 63.77145643449662
Digit 9 train loss: 56.2277725701934
Digit 9 test loss: 55.68421638496331
VAE 70 35354 0.1611
Digit 0 train loss: 60.30846436716467
Digit 0 test loss: 60.14725806956388
Digit 1 train loss: 39.30531163273633
Digit 1 test loss: 38.95371202309226
Digit 2 train loss: 65.7045657268984
Digit 2 test loss: 65.1398048437843
Digit 3 train loss: 61.43020084650515
Digit 3 test loss: 61.07498047705924
Digit 4 train loss: 58.11311056351915
Digit 4 test loss: 57.59127839859537
Digit 5 train loss: 62.07289739192532
Digit 5 test loss: 62.56290511913898
Digit 6 train loss: 57.77867674110467
Digit 6 test loss: 58.91937194935713
Digit 7 train loss: 53.97672525818407
Digit 7 test loss: 53.86864318550793
Digit 8 train loss: 63.05712895971183
Digit 8 test loss: 63.30997784671353
Digit 9 train loss: 55.57076103824751
Digit 9 test loss: 54.87255372802613
VAE 70 35354 0.1883
Digit 0 train loss: 58.54793641584539
Digit 0 test loss: 58.60142652939777
Digit 1 train loss: 40.17537100511006
Digit 1 test loss: 40.125708533803795
Digit 2 train loss: 65.94184975881791
Digit 2 test loss: 65.3208629955617
Digit 3 train loss: 61.6975753901153
Digit 3 test loss: 61.27759081774419
Digit 4 train loss: 58.67823810505565
Digit 4 test loss: 58.08387998359509
Digit 5 train loss: 62.36286559999484
Digit 5 test loss: 62.350517995688946
Digit 6 train loss: 57.49129654193658
Digit 6 test loss: 58.33228264969923
Digit 7 train loss: 53.899982125418525
Digit 7 test loss: 54.038313680121874
Digit 8 train loss: 63.56405256287988
Digit 8 test loss: 63.83052887808861
Digit 9 train loss: 55.301663890408356
Digit 9 test loss: 54.76740037674237
VAE 75 35354 0.2567
Digit 0 train loss: 57.93032175734219
Digit 0 test loss: 58.23761917814917
Digit 1 train loss: 39.79134206650201
Digit 1 test loss: 39.54783321666297
Digit 2 train loss: 64.25863708350113
Digit 2 test loss: 64.1756552023481
Digit 3 train loss: 60.87399692998938
Digit 3 test loss: 61.12256453108079
Digit 4 train loss: 57.61812416489342
Digit 4 test loss: 57.350016797875675
Digit 5 train loss: 60.94728585112867
Digit 5 test loss: 61.26463561207724
Digit 6 train loss: 56.30412697671192
Digit 6 test loss: 57.46562908785826
Digit 7 train loss: 52.98816409525829
Digit 7 test loss: 53.036409697180126
Digit 8 train loss: 62.80572978860597
Digit 8 test loss: 63.35847327058075
Digit 9 train loss: 54.9738654436274
Digit 9 test loss: 54.84733926718251
VAE 75 35354 0.2308
Digit 0 train loss: 63.233989920383486
Digit 0 test loss: 62.881723201518156
Digit 1 train loss: 41.4019191683099
Digit 1 test loss: 41.31301137613305
Digit 2 train loss: 68.64625685436688
Digit 2 test loss: 68.1085317707801
Digit 3 train loss: 63.95390802027836
Digit 3 test loss: 63.195562744140624
Digit 4 train loss: 60.41579764528415
Digit 4 test loss: 59.660031565337945
Digit 5 train loss: 64.95621631357024
Digit 5 test loss: 64.94345883082916
Digit 6 train loss: 60.505223875957874
Digit 6 test loss: 60.99397713456124
Digit 7 train loss: 56.494060034116366
Digit 7 test loss: 56.14628423327138
Digit 8 train loss: 65.51732051329742
Digit 8 test loss: 65.70333254851354
Digit 9 train loss: 57.999533242389
Digit 9 test loss: 57.20684422775586
VAE 75 35354 0.1767
Digit 0 train loss: 61.61477634276004
Digit 0 test loss: 61.480060647458444
Digit 1 train loss: 40.578610604681415
Digit 1 test loss: 40.363759456752156
Digit 2 train loss: 67.79265752051572
Digit 2 test loss: 67.58142714907032
Digit 3 train loss: 63.41696202146387
Digit 3 test loss: 62.78431920344287
Digit 4 train loss: 59.84051320259802
Digit 4 test loss: 59.43109417544363
Digit 5 train loss: 64.40518641300339
Digit 5 test loss: 64.29276365015004
Digit 6 train loss: 59.01985502098009
Digit 6 test loss: 60.08734812169085
Digit 7 train loss: 55.73062529567709
Digit 7 test loss: 55.36920038364277
Digit 8 train loss: 64.8370484616324
Digit 8 test loss: 65.09844136091229
Digit 9 train loss: 57.029093347531166
Digit 9 test loss: 56.67170477149744
VAE 75 35354 0.1833
Digit 0 train loss: 60.515338152541354
Digit 0 test loss: 60.35802580385792
Digit 1 train loss: 42.30839198069203
Digit 1 test loss: 42.14595187014945
Digit 2 train loss: 67.70987432760934
Digit 2 test loss: 67.25939967281134
Digit 3 train loss: 64.39803241722892
Digit 3 test loss: 63.85693465128983
Digit 4 train loss: 60.43767596972556
Digit 4 test loss: 60.14309392101653
Digit 5 train loss: 64.20851802350938
Digit 5 test loss: 64.64961118227698
Digit 6 train loss: 59.504874629400675
Digit 6 test loss: 60.421346039264336
Digit 7 train loss: 55.5942813657135
Digit 7 test loss: 55.66692566778873
Digit 8 train loss: 65.72593274440058
Digit 8 test loss: 65.87270453529436
Digit 9 train loss: 57.16336979611939
Digit 9 test loss: 56.93373760832077
VAE 80 35354 0.2521
Digit 0 train loss: 59.72930469863946
Digit 0 test loss: 60.1144314629691
Digit 1 train loss: 41.52578668076644
Digit 1 test loss: 41.3448678407375
Digit 2 train loss: 66.1492126646679
Digit 2 test loss: 65.79962610643963
Digit 3 train loss: 62.472821125683204
Digit 3 test loss: 62.19822525175491
Digit 4 train loss: 59.5593181591824
Digit 4 test loss: 59.58486526706797
Digit 5 train loss: 62.982498180908024
Digit 5 test loss: 63.14016600467699
Digit 6 train loss: 58.3380002881998
Digit 6 test loss: 59.36043661272849
Digit 7 train loss: 54.77089075574091
Digit 7 test loss: 54.90909594598911
Digit 8 train loss: 64.82074706971268
Digit 8 test loss: 65.4977560415405
Digit 9 train loss: 55.99617401510352
Digit 9 test loss: 55.74169771404285
VAE 80 35354 0.2476
Digit 0 train loss: 65.0625190638256
Digit 0 test loss: 64.78059009629852
Digit 1 train loss: 43.91639892965139
Digit 1 test loss: 43.72654677739752
Digit 2 train loss: 70.36904453855107
Digit 2 test loss: 69.69382098294044
Digit 3 train loss: 65.70462037190549
Digit 3 test loss: 65.02694718011536
Digit 4 train loss: 62.39132270956643
Digit 4 test loss: 62.240359533585746
Digit 5 train loss: 66.81498225609154
Digit 5 test loss: 66.43879486734022
Digit 6 train loss: 62.290778235834814
Digit 6 test loss: 62.92507192735135
Digit 7 train loss: 58.23714265267752
Digit 7 test loss: 57.928260543467005
Digit 8 train loss: 67.3635346773363
Digit 8 test loss: 67.1364823797645
Digit 9 train loss: 59.81951705322163
Digit 9 test loss: 59.29426583780642
VAE 80 35354 0.1599
Digit 0 train loss: 63.322615828120426
Digit 0 test loss: 63.77600179010508
Digit 1 train loss: 43.21799597999032
Digit 1 test loss: 42.75961952041424
Digit 2 train loss: 68.84142977985691
Digit 2 test loss: 68.04711883012638
Digit 3 train loss: 65.06766767413168
Digit 3 test loss: 64.42997598175955
Digit 4 train loss: 61.86779715940586
Digit 4 test loss: 61.87889449513857
Digit 5 train loss: 65.78650252217847
Digit 5 test loss: 65.87605274525458
Digit 6 train loss: 61.31857704544196
Digit 6 test loss: 62.30947122991956
Digit 7 train loss: 57.31785915036822
Digit 7 test loss: 57.115249704294165
Digit 8 train loss: 66.71550994896518
Digit 8 test loss: 66.84824643928168
Digit 9 train loss: 59.16763692648396
Digit 9 test loss: 58.97153208631472
VAE 80 35354 0.1898
Digit 0 train loss: 65.26447118256476
Digit 0 test loss: 65.43090116150525
Digit 1 train loss: 45.5025539222792
Digit 1 test loss: 45.20107967023807
Digit 2 train loss: 71.63086498243851
Digit 2 test loss: 71.0907206757124
Digit 3 train loss: 66.9726462413195
Digit 3 test loss: 66.48132348768782
Digit 4 train loss: 64.5006619120085
Digit 4 test loss: 64.0781057245134
Digit 5 train loss: 67.68744887559754
Digit 5 test loss: 67.98359660931233
Digit 6 train loss: 63.28580667844452
Digit 6 test loss: 64.1224252027858
Digit 7 train loss: 59.27164637876908
Digit 7 test loss: 59.089930564049155
Digit 8 train loss: 68.88821292082442
Digit 8 test loss: 69.35087870180729
Digit 9 train loss: 61.10694997726238
Digit 9 test loss: 60.70574747771763
VAE 90 35354 0.249
Digit 0 train loss: 63.49317658279627
Digit 0 test loss: 63.719113828697985
Digit 1 train loss: 45.09069125442256
Digit 1 test loss: 44.8841938203652
Digit 2 train loss: 70.35965903872169
Digit 2 test loss: 70.22739255520725
Digit 3 train loss: 66.19912531884921
Digit 3 test loss: 66.04587650110226
Digit 4 train loss: 62.868725295101115
Digit 4 test loss: 62.74033179739585
Digit 5 train loss: 66.60349247996997
Digit 5 test loss: 66.80585523357306
Digit 6 train loss: 62.26139742138016
Digit 6 test loss: 63.260093135475366
Digit 7 train loss: 58.30328944115665
Digit 7 test loss: 58.23727757272089
Digit 8 train loss: 68.04278952703376
Digit 8 test loss: 68.31622536128552
Digit 9 train loss: 59.86856265187484
Digit 9 test loss: 59.53496937520204
VAE 90 35354 0.2403
Digit 0 train loss: 69.12165076342583
Digit 0 test loss: 68.57734842105788
Digit 1 train loss: 47.341566441710505
Digit 1 test loss: 47.13979249861797
Digit 2 train loss: 73.94256030284706
Digit 2 test loss: 73.17982304003812
Digit 3 train loss: 69.33377048938547
Digit 3 test loss: 68.65545002776797
Digit 4 train loss: 66.02274469429807
Digit 4 test loss: 65.99813085660915
Digit 5 train loss: 70.44275939299642
Digit 5 test loss: 70.5856896644216
Digit 6 train loss: 65.93407568910631
Digit 6 test loss: 66.58926502697652
Digit 7 train loss: 61.87927542197067
Digit 7 test loss: 61.68600215986081
Digit 8 train loss: 70.8978118237991
Digit 8 test loss: 70.96118690052072
Digit 9 train loss: 63.44456783185027
Digit 9 test loss: 62.97786054809691
VAE 90 35354 0.1586
Digit 0 train loss: 67.69068844801829
Digit 0 test loss: 67.13928745036222
Digit 1 train loss: 47.261311110952285
Digit 1 test loss: 46.940324869029844
Digit 2 train loss: 73.06994978810926
Digit 2 test loss: 72.44976720144582
Digit 3 train loss: 68.68133515927438
Digit 3 test loss: 68.52845400819685
Digit 4 train loss: 65.45553517692589
Digit 4 test loss: 65.25259219167674
Digit 5 train loss: 69.63776411638118
Digit 5 test loss: 69.88724147043955
Digit 6 train loss: 64.69955431830847
Digit 6 test loss: 65.76589045196087
Digit 7 train loss: 61.254263443882145
Digit 7 test loss: 60.998133032238435
Digit 8 train loss: 70.2652441229174
Digit 8 test loss: 70.42366741031591
Digit 9 train loss: 62.7731887251815
Digit 9 test loss: 62.369242086873655
VAE 90 35354 0.1718
Digit 0 train loss: 68.37661673800075
Digit 0 test loss: 68.35339854104178
Digit 1 train loss: 49.5367177121896
Digit 1 test loss: 49.14856965321276
Digit 2 train loss: 76.06794764059988
Digit 2 test loss: 75.14070663156436
Digit 3 train loss: 70.53626494002447
Digit 3 test loss: 70.1869512576868
Digit 4 train loss: 68.53256615087292
Digit 4 test loss: 68.42925949252064
Digit 5 train loss: 71.35446879054936
Digit 5 test loss: 71.55673807939607
Digit 6 train loss: 66.66832859494389
Digit 6 test loss: 67.48943194666089
Digit 7 train loss: 63.44968286074359
Digit 7 test loss: 63.220767729941045
Digit 8 train loss: 72.90284096915545
Digit 8 test loss: 73.48720247397922
Digit 9 train loss: 64.70372272118898
Digit 9 test loss: 64.27524998403044
VAE 100 35354 0.2353
Digit 0 train loss: 66.79051305232127
Digit 0 test loss: 66.93575057204889
Digit 1 train loss: 48.68984942746
Digit 1 test loss: 48.652385728474755
Digit 2 train loss: 73.96301204160221
Digit 2 test loss: 73.82685491650604
Digit 3 train loss: 69.91222340526714
Digit 3 test loss: 69.71571534789435
Digit 4 train loss: 67.2768406944706
Digit 4 test loss: 66.82694245938613
Digit 5 train loss: 70.11122642929452
Digit 5 test loss: 70.25330723133857
Digit 6 train loss: 65.37325150340584
Digit 6 test loss: 66.30073304066828
Digit 7 train loss: 62.09377802417265
Digit 7 test loss: 61.98156143069731
Digit 8 train loss: 71.59241596300812
Digit 8 test loss: 72.09536473707007
Digit 9 train loss: 63.35119412554114
Digit 9 test loss: 63.374924261813355
VAE 100 35354 0.2252
Digit 0 train loss: 72.74791696662136
Digit 0 test loss: 72.71068681210888
Digit 1 train loss: 50.80296723448675
Digit 1 test loss: 50.733439290050896
Digit 2 train loss: 77.67934919628132
Digit 2 test loss: 76.82180383593537
Digit 3 train loss: 72.82054922215566
Digit 3 test loss: 72.15371151914691
Digit 4 train loss: 69.61155217218709
Digit 4 test loss: 69.43316157432292
Digit 5 train loss: 73.71734699290785
Digit 5 test loss: 73.8495181814972
Digit 6 train loss: 69.79517814427382
Digit 6 test loss: 70.69738689892476
Digit 7 train loss: 65.23420762277468
Digit 7 test loss: 64.89431304412129
Digit 8 train loss: 74.67144463095292
Digit 8 test loss: 74.65618607444685
Digit 9 train loss: 66.88450647181955
Digit 9 test loss: 66.20691344806531
VAE 100 35354 0.1556
Digit 0 train loss: 71.55812526872266
Digit 0 test loss: 71.1529070250842
Digit 1 train loss: 50.58734927690902
Digit 1 test loss: 50.52203004811829
Digit 2 train loss: 77.04022981080884
Digit 2 test loss: 76.33464412171712
Digit 3 train loss: 72.37052604950304
Digit 3 test loss: 72.11256661745581
Digit 4 train loss: 68.68797330846529
Digit 4 test loss: 68.29129829329045
Digit 5 train loss: 73.04027023062102
Digit 5 test loss: 73.09970496053653
Digit 6 train loss: 68.63019626355727
Digit 6 test loss: 69.83031534501555
Digit 7 train loss: 64.74667850320851
Digit 7 test loss: 64.29984026289172
Digit 8 train loss: 73.848323636861
Digit 8 test loss: 73.90575467683452
Digit 9 train loss: 66.17751736816467
Digit 9 test loss: 65.94166352467684
VAE 100 35354 0.1607
end time is Fri 03 Feb 2023 06:18:18 PM EST
