Thu 09 Feb 2023 12:07:56 PM EST
Epoch 1, train loss: 0.0466
Epoch 2, train loss: 0.0374
Epoch 3, train loss: 0.0343
Epoch 4, train loss: 0.0319
Epoch 5, train loss: 0.0301
Epoch 6, train loss: 0.0290
Epoch 7, train loss: 0.0273
Epoch 8, train loss: 0.0265
Epoch 9, train loss: 0.0256
Epoch 10, train loss: 0.0244
Epoch 11, train loss: 0.0233
Epoch 12, train loss: 0.0226
Epoch 13, train loss: 0.0221
Epoch 14, train loss: 0.0217
Epoch 15, train loss: 0.0215
Epoch 16, train loss: 0.0213
Epoch 17, train loss: 0.0210
Epoch 18, train loss: 0.0207
Epoch 19, train loss: 0.0206
Epoch 20, train loss: 0.0204
Epoch 21, train loss: 0.0202
Epoch 22, train loss: 0.0202
Epoch 23, train loss: 0.0200
Epoch 24, train loss: 0.0199
Epoch 25, train loss: 0.0198
Epoch 26, train loss: 0.0197
Epoch 27, train loss: 0.0195
Epoch 28, train loss: 0.0192
Epoch 29, train loss: 0.0190
Epoch 30, train loss: 0.0188
Digit 0 train loss: 0.021678805955995906, test loss: 0.02167894119463329
Epoch 1, train loss: 0.0149
Epoch 2, train loss: 0.0114
Epoch 3, train loss: 0.0099
Epoch 4, train loss: 0.0091
Epoch 5, train loss: 0.0087
Epoch 6, train loss: 0.0086
Epoch 7, train loss: 0.0084
Epoch 8, train loss: 0.0084
Epoch 9, train loss: 0.0082
Epoch 10, train loss: 0.0082
Epoch 11, train loss: 0.0081
Epoch 12, train loss: 0.0081
Epoch 13, train loss: 0.0079
Epoch 14, train loss: 0.0078
Epoch 15, train loss: 0.0078
Epoch 16, train loss: 0.0077
Epoch 17, train loss: 0.0076
Epoch 18, train loss: 0.0076
Epoch 19, train loss: 0.0075
Epoch 20, train loss: 0.0074
Epoch 21, train loss: 0.0074
Epoch 22, train loss: 0.0074
Epoch 23, train loss: 0.0073
Epoch 24, train loss: 0.0074
Epoch 25, train loss: 0.0073
Epoch 26, train loss: 0.0072
Epoch 27, train loss: 0.0072
Epoch 28, train loss: 0.0072
Epoch 29, train loss: 0.0072
Epoch 30, train loss: 0.0072
Digit 1 train loss: 0.0074891277114194615, test loss: 0.007270828774301458
Epoch 1, train loss: 0.0564
Epoch 2, train loss: 0.0467
Epoch 3, train loss: 0.0413
Epoch 4, train loss: 0.0384
Epoch 5, train loss: 0.0349
Epoch 6, train loss: 0.0339
Epoch 7, train loss: 0.0331
Epoch 8, train loss: 0.0323
Epoch 9, train loss: 0.0316
Epoch 10, train loss: 0.0312
Epoch 11, train loss: 0.0307
Epoch 12, train loss: 0.0304
Epoch 13, train loss: 0.0299
Epoch 14, train loss: 0.0295
Epoch 15, train loss: 0.0291
Epoch 16, train loss: 0.0289
Epoch 17, train loss: 0.0287
Epoch 18, train loss: 0.0284
Epoch 19, train loss: 0.0281
Epoch 20, train loss: 0.0279
Epoch 21, train loss: 0.0274
Epoch 22, train loss: 0.0269
Epoch 23, train loss: 0.0267
Epoch 24, train loss: 0.0263
Epoch 25, train loss: 0.0263
Epoch 26, train loss: 0.0260
Epoch 27, train loss: 0.0259
Epoch 28, train loss: 0.0259
Epoch 29, train loss: 0.0257
Epoch 30, train loss: 0.0256
Digit 2 train loss: 0.03016918163590906, test loss: 0.030128226256315675
Epoch 1, train loss: 0.0487
Epoch 2, train loss: 0.0385
Epoch 3, train loss: 0.0358
Epoch 4, train loss: 0.0341
Epoch 5, train loss: 0.0334
Epoch 6, train loss: 0.0329
Epoch 7, train loss: 0.0322
Epoch 8, train loss: 0.0313
Epoch 9, train loss: 0.0304
Epoch 10, train loss: 0.0293
Epoch 11, train loss: 0.0285
Epoch 12, train loss: 0.0275
Epoch 13, train loss: 0.0269
Epoch 14, train loss: 0.0266
Epoch 15, train loss: 0.0264
Epoch 16, train loss: 0.0261
Epoch 17, train loss: 0.0260
Epoch 18, train loss: 0.0259
Epoch 19, train loss: 0.0257
Epoch 20, train loss: 0.0257
Epoch 21, train loss: 0.0256
Epoch 22, train loss: 0.0254
Epoch 23, train loss: 0.0252
Epoch 24, train loss: 0.0249
Epoch 25, train loss: 0.0247
Epoch 26, train loss: 0.0243
Epoch 27, train loss: 0.0242
Epoch 28, train loss: 0.0240
Epoch 29, train loss: 0.0239
Epoch 30, train loss: 0.0237
Digit 3 train loss: 0.02500042393973729, test loss: 0.02492132176654321
Epoch 1, train loss: 0.0411
Epoch 2, train loss: 0.0329
Epoch 3, train loss: 0.0295
Epoch 4, train loss: 0.0270
Epoch 5, train loss: 0.0251
Epoch 6, train loss: 0.0244
Epoch 7, train loss: 0.0236
Epoch 8, train loss: 0.0225
Epoch 9, train loss: 0.0218
Epoch 10, train loss: 0.0212
Epoch 11, train loss: 0.0209
Epoch 12, train loss: 0.0206
Epoch 13, train loss: 0.0204
Epoch 14, train loss: 0.0203
Epoch 15, train loss: 0.0201
Epoch 16, train loss: 0.0200
Epoch 17, train loss: 0.0199
Epoch 18, train loss: 0.0197
Epoch 19, train loss: 0.0196
Epoch 20, train loss: 0.0195
Epoch 21, train loss: 0.0195
Epoch 22, train loss: 0.0193
Epoch 23, train loss: 0.0193
Epoch 24, train loss: 0.0193
Epoch 25, train loss: 0.0192
Epoch 26, train loss: 0.0192
Epoch 27, train loss: 0.0191
Epoch 28, train loss: 0.0190
Epoch 29, train loss: 0.0190
Epoch 30, train loss: 0.0190
Digit 4 train loss: 0.02159507305919933, test loss: 0.021525407842096785
Epoch 1, train loss: 0.0720
Epoch 2, train loss: 0.0614
Epoch 3, train loss: 0.0612
Epoch 4, train loss: 0.0611
Epoch 5, train loss: 0.0611
Epoch 6, train loss: 0.0611
Epoch 7, train loss: 0.0611
Epoch 8, train loss: 0.0611
Epoch 9, train loss: 0.0610
Epoch 10, train loss: 0.0611
Epoch 11, train loss: 0.0611
Epoch 12, train loss: 0.0610
Epoch 13, train loss: 0.0610
Epoch 14, train loss: 0.0610
Epoch 15, train loss: 0.0610
Epoch 16, train loss: 0.0610
Epoch 17, train loss: 0.0610
Epoch 18, train loss: 0.0610
Epoch 19, train loss: 0.0610
Epoch 20, train loss: 0.0610
Epoch 21, train loss: 0.0610
Epoch 22, train loss: 0.0610
Epoch 23, train loss: 0.0610
Epoch 24, train loss: 0.0610
Epoch 25, train loss: 0.0610
Epoch 26, train loss: 0.0610
Epoch 27, train loss: 0.0610
Epoch 28, train loss: 0.0610
Epoch 29, train loss: 0.0610
Epoch 30, train loss: 0.0610
Digit 5 train loss: 0.0623513169420357, test loss: 0.06258305020613654
Epoch 1, train loss: 0.0423
Epoch 2, train loss: 0.0339
Epoch 3, train loss: 0.0315
Epoch 4, train loss: 0.0309
Epoch 5, train loss: 0.0297
Epoch 6, train loss: 0.0274
Epoch 7, train loss: 0.0266
Epoch 8, train loss: 0.0260
Epoch 9, train loss: 0.0239
Epoch 10, train loss: 0.0231
Epoch 11, train loss: 0.0228
Epoch 12, train loss: 0.0225
Epoch 13, train loss: 0.0223
Epoch 14, train loss: 0.0219
Epoch 15, train loss: 0.0216
Epoch 16, train loss: 0.0212
Epoch 17, train loss: 0.0209
Epoch 18, train loss: 0.0207
Epoch 19, train loss: 0.0203
Epoch 20, train loss: 0.0202
Epoch 21, train loss: 0.0200
Epoch 22, train loss: 0.0198
Epoch 23, train loss: 0.0196
Epoch 24, train loss: 0.0195
Epoch 25, train loss: 0.0194
Epoch 26, train loss: 0.0192
Epoch 27, train loss: 0.0191
Epoch 28, train loss: 0.0190
Epoch 29, train loss: 0.0189
Epoch 30, train loss: 0.0188
Digit 6 train loss: 0.02077639450552965, test loss: 0.021690752235725367
Epoch 1, train loss: 0.0362
Epoch 2, train loss: 0.0281
Epoch 3, train loss: 0.0242
Epoch 4, train loss: 0.0228
Epoch 5, train loss: 0.0219
Epoch 6, train loss: 0.0208
Epoch 7, train loss: 0.0202
Epoch 8, train loss: 0.0198
Epoch 9, train loss: 0.0195
Epoch 10, train loss: 0.0193
Epoch 11, train loss: 0.0191
Epoch 12, train loss: 0.0189
Epoch 13, train loss: 0.0185
Epoch 14, train loss: 0.0180
Epoch 15, train loss: 0.0175
Epoch 16, train loss: 0.0172
Epoch 17, train loss: 0.0170
Epoch 18, train loss: 0.0169
Epoch 19, train loss: 0.0167
Epoch 20, train loss: 0.0166
Epoch 21, train loss: 0.0165
Epoch 22, train loss: 0.0165
Epoch 23, train loss: 0.0163
Epoch 24, train loss: 0.0163
Epoch 25, train loss: 0.0162
Epoch 26, train loss: 0.0161
Epoch 27, train loss: 0.0161
Epoch 28, train loss: 0.0159
Epoch 29, train loss: 0.0159
Epoch 30, train loss: 0.0157
Digit 7 train loss: 0.01801850790531781, test loss: 0.01845841729924706
Epoch 1, train loss: 0.0495
Epoch 2, train loss: 0.0415
Epoch 3, train loss: 0.0369
Epoch 4, train loss: 0.0356
Epoch 5, train loss: 0.0347
Epoch 6, train loss: 0.0335
Epoch 7, train loss: 0.0327
Epoch 8, train loss: 0.0321
Epoch 9, train loss: 0.0318
Epoch 10, train loss: 0.0313
Epoch 11, train loss: 0.0306
Epoch 12, train loss: 0.0300
Epoch 13, train loss: 0.0291
Epoch 14, train loss: 0.0287
Epoch 15, train loss: 0.0284
Epoch 16, train loss: 0.0283
Epoch 17, train loss: 0.0281
Epoch 18, train loss: 0.0279
Epoch 19, train loss: 0.0279
Epoch 20, train loss: 0.0277
Epoch 21, train loss: 0.0276
Epoch 22, train loss: 0.0274
Epoch 23, train loss: 0.0274
Epoch 24, train loss: 0.0274
Epoch 25, train loss: 0.0273
Epoch 26, train loss: 0.0273
Epoch 27, train loss: 0.0272
Epoch 28, train loss: 0.0271
Epoch 29, train loss: 0.0271
Epoch 30, train loss: 0.0270
Digit 8 train loss: 0.03030350452277525, test loss: 0.03138442235775062
Epoch 1, train loss: 0.0371
Epoch 2, train loss: 0.0305
Epoch 3, train loss: 0.0290
Epoch 4, train loss: 0.0284
Epoch 5, train loss: 0.0279
Epoch 6, train loss: 0.0261
Epoch 7, train loss: 0.0245
Epoch 8, train loss: 0.0235
Epoch 9, train loss: 0.0223
Epoch 10, train loss: 0.0217
Epoch 11, train loss: 0.0212
Epoch 12, train loss: 0.0208
Epoch 13, train loss: 0.0203
Epoch 14, train loss: 0.0200
Epoch 15, train loss: 0.0198
Epoch 16, train loss: 0.0195
Epoch 17, train loss: 0.0193
Epoch 18, train loss: 0.0191
Epoch 19, train loss: 0.0188
Epoch 20, train loss: 0.0187
Epoch 21, train loss: 0.0185
Epoch 22, train loss: 0.0183
Epoch 23, train loss: 0.0182
Epoch 24, train loss: 0.0180
Epoch 25, train loss: 0.0179
Epoch 26, train loss: 0.0177
Epoch 27, train loss: 0.0175
Epoch 28, train loss: 0.0174
Epoch 29, train loss: 0.0172
Epoch 30, train loss: 0.0172
Digit 9 train loss: 0.01833215806192386, test loss: 0.01848980520479935
DAE 32 42 0.9999
Epoch 1, train loss: 0.0465
Epoch 2, train loss: 0.0352
Epoch 3, train loss: 0.0313
Epoch 4, train loss: 0.0298
Epoch 5, train loss: 0.0290
Epoch 6, train loss: 0.0277
Epoch 7, train loss: 0.0269
Epoch 8, train loss: 0.0262
Epoch 9, train loss: 0.0257
Epoch 10, train loss: 0.0252
Epoch 11, train loss: 0.0247
Epoch 12, train loss: 0.0242
Epoch 13, train loss: 0.0237
Epoch 14, train loss: 0.0229
Epoch 15, train loss: 0.0225
Epoch 16, train loss: 0.0222
Epoch 17, train loss: 0.0218
Epoch 18, train loss: 0.0217
Epoch 19, train loss: 0.0215
Epoch 20, train loss: 0.0214
Epoch 21, train loss: 0.0211
Epoch 22, train loss: 0.0209
Epoch 23, train loss: 0.0207
Epoch 24, train loss: 0.0206
Epoch 25, train loss: 0.0205
Epoch 26, train loss: 0.0204
Epoch 27, train loss: 0.0203
Epoch 28, train loss: 0.0200
Epoch 29, train loss: 0.0201
Epoch 30, train loss: 0.0199
Digit 0 train loss: 0.022139185038116127, test loss: 0.02228945332522295
Epoch 1, train loss: 0.0351
Epoch 2, train loss: 0.0289
Epoch 3, train loss: 0.0289
Epoch 4, train loss: 0.0289
Epoch 5, train loss: 0.0289
Epoch 6, train loss: 0.0289
Epoch 7, train loss: 0.0288
Epoch 8, train loss: 0.0288
Epoch 9, train loss: 0.0288
Epoch 10, train loss: 0.0289
Epoch 11, train loss: 0.0288
Epoch 12, train loss: 0.0288
Epoch 13, train loss: 0.0288
Epoch 14, train loss: 0.0288
Epoch 15, train loss: 0.0288
Epoch 16, train loss: 0.0288
Epoch 17, train loss: 0.0288
Epoch 18, train loss: 0.0288
Epoch 19, train loss: 0.0288
Epoch 20, train loss: 0.0288
Epoch 21, train loss: 0.0288
Epoch 22, train loss: 0.0288
Epoch 23, train loss: 0.0288
Epoch 24, train loss: 0.0288
Epoch 25, train loss: 0.0288
Epoch 26, train loss: 0.0288
Epoch 27, train loss: 0.0288
Epoch 28, train loss: 0.0288
Epoch 29, train loss: 0.0288
Epoch 30, train loss: 0.0288
Digit 1 train loss: 0.04054248874448405, test loss: 0.041487922567857785
Epoch 1, train loss: 0.0560
Epoch 2, train loss: 0.0466
Epoch 3, train loss: 0.0402
Epoch 4, train loss: 0.0381
Epoch 5, train loss: 0.0359
Epoch 6, train loss: 0.0335
Epoch 7, train loss: 0.0323
Epoch 8, train loss: 0.0318
Epoch 9, train loss: 0.0313
Epoch 10, train loss: 0.0312
Epoch 11, train loss: 0.0308
Epoch 12, train loss: 0.0306
Epoch 13, train loss: 0.0301
Epoch 14, train loss: 0.0296
Epoch 15, train loss: 0.0292
Epoch 16, train loss: 0.0288
Epoch 17, train loss: 0.0285
Epoch 18, train loss: 0.0284
Epoch 19, train loss: 0.0280
Epoch 20, train loss: 0.0272
Epoch 21, train loss: 0.0268
Epoch 22, train loss: 0.0265
Epoch 23, train loss: 0.0263
Epoch 24, train loss: 0.0263
Epoch 25, train loss: 0.0260
Epoch 26, train loss: 0.0260
Epoch 27, train loss: 0.0258
Epoch 28, train loss: 0.0256
Epoch 29, train loss: 0.0255
Epoch 30, train loss: 0.0255
Digit 2 train loss: 0.027412834422354603, test loss: 0.026963024327076625
Epoch 1, train loss: 0.0496
Epoch 2, train loss: 0.0393
Epoch 3, train loss: 0.0365
Epoch 4, train loss: 0.0343
Epoch 5, train loss: 0.0334
Epoch 6, train loss: 0.0329
Epoch 7, train loss: 0.0324
Epoch 8, train loss: 0.0321
Epoch 9, train loss: 0.0316
Epoch 10, train loss: 0.0307
Epoch 11, train loss: 0.0298
Epoch 12, train loss: 0.0292
Epoch 13, train loss: 0.0285
Epoch 14, train loss: 0.0280
Epoch 15, train loss: 0.0275
Epoch 16, train loss: 0.0272
Epoch 17, train loss: 0.0263
Epoch 18, train loss: 0.0254
Epoch 19, train loss: 0.0249
Epoch 20, train loss: 0.0244
Epoch 21, train loss: 0.0243
Epoch 22, train loss: 0.0238
Epoch 23, train loss: 0.0234
Epoch 24, train loss: 0.0233
Epoch 25, train loss: 0.0230
Epoch 26, train loss: 0.0227
Epoch 27, train loss: 0.0225
Epoch 28, train loss: 0.0223
Epoch 29, train loss: 0.0220
Epoch 30, train loss: 0.0218
Digit 3 train loss: 0.02219356392219947, test loss: 0.021929837905774168
Epoch 1, train loss: 0.0415
Epoch 2, train loss: 0.0323
Epoch 3, train loss: 0.0291
Epoch 4, train loss: 0.0281
Epoch 5, train loss: 0.0264
Epoch 6, train loss: 0.0247
Epoch 7, train loss: 0.0238
Epoch 8, train loss: 0.0232
Epoch 9, train loss: 0.0228
Epoch 10, train loss: 0.0224
Epoch 11, train loss: 0.0221
Epoch 12, train loss: 0.0217
Epoch 13, train loss: 0.0212
Epoch 14, train loss: 0.0207
Epoch 15, train loss: 0.0205
Epoch 16, train loss: 0.0203
Epoch 17, train loss: 0.0201
Epoch 18, train loss: 0.0200
Epoch 19, train loss: 0.0199
Epoch 20, train loss: 0.0197
Epoch 21, train loss: 0.0196
Epoch 22, train loss: 0.0194
Epoch 23, train loss: 0.0193
Epoch 24, train loss: 0.0191
Epoch 25, train loss: 0.0190
Epoch 26, train loss: 0.0190
Epoch 27, train loss: 0.0189
Epoch 28, train loss: 0.0188
Epoch 29, train loss: 0.0186
Epoch 30, train loss: 0.0186
Digit 4 train loss: 0.019859993430980008, test loss: 0.019839828936838357
Epoch 1, train loss: 0.0758
Epoch 2, train loss: 0.0613
Epoch 3, train loss: 0.0612
Epoch 4, train loss: 0.0611
Epoch 5, train loss: 0.0611
Epoch 6, train loss: 0.0611
Epoch 7, train loss: 0.0611
Epoch 8, train loss: 0.0611
Epoch 9, train loss: 0.0611
Epoch 10, train loss: 0.0611
Epoch 11, train loss: 0.0610
Epoch 12, train loss: 0.0611
Epoch 13, train loss: 0.0610
Epoch 14, train loss: 0.0610
Epoch 15, train loss: 0.0610
Epoch 16, train loss: 0.0610
Epoch 17, train loss: 0.0610
Epoch 18, train loss: 0.0610
Epoch 19, train loss: 0.0610
Epoch 20, train loss: 0.0610
Epoch 21, train loss: 0.0610
Epoch 22, train loss: 0.0610
Epoch 23, train loss: 0.0610
Epoch 24, train loss: 0.0610
Epoch 25, train loss: 0.0610
Epoch 26, train loss: 0.0589
Epoch 27, train loss: 0.0451
Epoch 28, train loss: 0.0379
Epoch 29, train loss: 0.0346
Epoch 30, train loss: 0.0329
Digit 5 train loss: 0.03596451500916207, test loss: 0.03665270629201101
Epoch 1, train loss: 0.0407
Epoch 2, train loss: 0.0340
Epoch 3, train loss: 0.0318
Epoch 4, train loss: 0.0309
Epoch 5, train loss: 0.0287
Epoch 6, train loss: 0.0274
Epoch 7, train loss: 0.0269
Epoch 8, train loss: 0.0265
Epoch 9, train loss: 0.0263
Epoch 10, train loss: 0.0247
Epoch 11, train loss: 0.0235
Epoch 12, train loss: 0.0228
Epoch 13, train loss: 0.0225
Epoch 14, train loss: 0.0221
Epoch 15, train loss: 0.0215
Epoch 16, train loss: 0.0209
Epoch 17, train loss: 0.0205
Epoch 18, train loss: 0.0202
Epoch 19, train loss: 0.0198
Epoch 20, train loss: 0.0195
Epoch 21, train loss: 0.0193
Epoch 22, train loss: 0.0190
Epoch 23, train loss: 0.0188
Epoch 24, train loss: 0.0188
Epoch 25, train loss: 0.0185
Epoch 26, train loss: 0.0185
Epoch 27, train loss: 0.0184
Epoch 28, train loss: 0.0183
Epoch 29, train loss: 0.0182
Epoch 30, train loss: 0.0182
Digit 6 train loss: 0.019984863467146896, test loss: 0.02121270105722973
Epoch 1, train loss: 0.0344
Epoch 2, train loss: 0.0278
Epoch 3, train loss: 0.0267
Epoch 4, train loss: 0.0262
Epoch 5, train loss: 0.0257
Epoch 6, train loss: 0.0233
Epoch 7, train loss: 0.0223
Epoch 8, train loss: 0.0215
Epoch 9, train loss: 0.0205
Epoch 10, train loss: 0.0201
Epoch 11, train loss: 0.0198
Epoch 12, train loss: 0.0196
Epoch 13, train loss: 0.0194
Epoch 14, train loss: 0.0192
Epoch 15, train loss: 0.0191
Epoch 16, train loss: 0.0190
Epoch 17, train loss: 0.0188
Epoch 18, train loss: 0.0184
Epoch 19, train loss: 0.0179
Epoch 20, train loss: 0.0175
Epoch 21, train loss: 0.0174
Epoch 22, train loss: 0.0172
Epoch 23, train loss: 0.0171
Epoch 24, train loss: 0.0170
Epoch 25, train loss: 0.0170
Epoch 26, train loss: 0.0169
Epoch 27, train loss: 0.0168
Epoch 28, train loss: 0.0167
Epoch 29, train loss: 0.0166
Epoch 30, train loss: 0.0166
Digit 7 train loss: 0.017813218655309982, test loss: 0.017985427204033917
Epoch 1, train loss: 0.0503
Epoch 2, train loss: 0.0405
Epoch 3, train loss: 0.0370
Epoch 4, train loss: 0.0359
Epoch 5, train loss: 0.0352
Epoch 6, train loss: 0.0347
Epoch 7, train loss: 0.0334
Epoch 8, train loss: 0.0324
Epoch 9, train loss: 0.0311
Epoch 10, train loss: 0.0308
Epoch 11, train loss: 0.0303
Epoch 12, train loss: 0.0301
Epoch 13, train loss: 0.0297
Epoch 14, train loss: 0.0292
Epoch 15, train loss: 0.0289
Epoch 16, train loss: 0.0285
Epoch 17, train loss: 0.0282
Epoch 18, train loss: 0.0281
Epoch 19, train loss: 0.0279
Epoch 20, train loss: 0.0278
Epoch 21, train loss: 0.0277
Epoch 22, train loss: 0.0276
Epoch 23, train loss: 0.0274
Epoch 24, train loss: 0.0274
Epoch 25, train loss: 0.0272
Epoch 26, train loss: 0.0272
Epoch 27, train loss: 0.0272
Epoch 28, train loss: 0.0270
Epoch 29, train loss: 0.0268
Epoch 30, train loss: 0.0266
Digit 8 train loss: 0.0306299491182996, test loss: 0.031367918093989026
Epoch 1, train loss: 0.0382
Epoch 2, train loss: 0.0308
Epoch 3, train loss: 0.0292
Epoch 4, train loss: 0.0284
Epoch 5, train loss: 0.0268
Epoch 6, train loss: 0.0244
Epoch 7, train loss: 0.0229
Epoch 8, train loss: 0.02232
Epoch 9, train loss: 0.0220
Epoch 10, train loss: 0.0218
Epoch 11, train loss: 0.0215
Epoch 12, train loss: 0.0210
Epoch 13, train loss: 0.0207
Epoch 14, train loss: 0.0204
Epoch 15, train loss: 0.0201
Epoch 16, train loss: 0.0198
Epoch 17, train loss: 0.0195
Epoch 18, train loss: 0.0192
Epoch 19, train loss: 0.0190
Epoch 20, train loss: 0.0187
Epoch 21, train loss: 0.0184
Epoch 22, train loss: 0.0182
Epoch 23, train loss: 0.0180
Epoch 24, train loss: 0.0178
Epoch 25, train loss: 0.0178
Epoch 26, train loss: 0.0177
Epoch 27, train loss: 0.0175
Epoch 28, train loss: 0.0175
Epoch 29, train loss: 0.0173
Epoch 30, train loss: 0.0173
Digit 9 train loss: 0.020960122452863154, test loss: 0.02108104030045102
DAE 64 42 1.0
end time is Thu 09 Feb 2023 05:27:08 PM EST
