Tue 31 Jan 2023 02:15:49 PM EST
Digit 0 train loss: 42.86051701460862
Digit 0 test loss: 43.287946206696176
Digit 1 train loss: 24.385977231441284
Digit 1 test loss: 24.274913818930738
Digit 2 train loss: 48.779364652464
Digit 2 test loss: 48.58270639781804
Digit 3 train loss: 45.2375101718831
Digit 3 test loss: 45.03953129041313
Digit 4 train loss: 41.617160330566385
Digit 4 test loss: 41.42496391614925
Digit 5 train loss: 45.57762823965118
Digit 5 test loss: 45.639860076220046
Digit 6 train loss: 41.0072100066623
Digit 6 test loss: 41.73103415144759
Digit 7 train loss: 37.41702262226905
Digit 7 test loss: 37.35948019918301
Digit 8 train loss: 46.864785625188496
Digit 8 test loss: 47.7548154736936
Digit 9 train loss: 39.340276190725206
Digit 9 test loss: 38.94793186622521
VAE 30 42 0.2199
Digit 0 train loss: 41.91250639591349
Digit 0 test loss: 42.3472515047813
Digit 1 train loss: 24.043883491573826
Digit 1 test loss: 23.730018754362536
Digit 2 train loss: 47.85007174857794
Digit 2 test loss: 47.57784831985947
Digit 3 train loss: 44.862085092905744
Digit 3 test loss: 44.78786346511085
Digit 4 train loss: 41.35567431105444
Digit 4 test loss: 41.22282389467942
Digit 5 train loss: 44.6709337320699
Digit 5 test loss: 45.22349604576692
Digit 6 train loss: 40.16338270135166
Digit 6 test loss: 40.90245654438632
Digit 7 train loss: 36.69287520863015
Digit 7 test loss: 36.69792146719847
Digit 8 train loss: 46.388482895249524
Digit 8 test loss: 47.29084594734395
Digit 9 train loss: 38.70651064994736
Digit 9 test loss: 38.2555254264204
VAE 30 42 0.2202
Digit 0 train loss: 44.939762073615384
Digit 0 test loss: 44.84191012479821
Digit 1 train loss: 25.468135829355198
Digit 1 test loss: 24.968572310729172
Digit 2 train loss: 51.0477402844898
Digit 2 test loss: 50.45782373117846
Digit 3 train loss: 47.1902358911104
Digit 3 test loss: 46.56084395304765
Digit 4 train loss: 43.678177726468746
Digit 4 test loss: 43.20880852017529
Digit 5 train loss: 48.08040384321806
Digit 5 test loss: 47.74788773754787
Digit 6 train loss: 42.80597007431747
Digit 6 test loss: 43.71082732772031
Digit 7 train loss: 39.748416923772595
Digit 7 test loss: 39.48809739866145
Digit 8 train loss: 48.62249667353965
Digit 8 test loss: 49.12098250300977
Digit 9 train loss: 40.6500214137316
Digit 9 test loss: 40.11068390429433
VAE 30 42 0.2136
Digit 0 train loss: 43.33794539775394
Digit 0 test loss: 43.09168596073073
Digit 1 train loss: 24.82955780513065
Digit 1 test loss: 24.277882891079404
Digit 2 train loss: 49.534301363409426
Digit 2 test loss: 48.841919608818465
Digit 3 train loss: 45.8201647173462
Digit 3 test loss: 45.452335297235166
Digit 4 train loss: 42.75214118526554
Digit 4 test loss: 42.32659035544774
Digit 5 train loss: 46.669362937407925
Digit 5 test loss: 46.82839744935656
Digit 6 train loss: 41.753000303876284
Digit 6 test loss: 42.679976431462364
Digit 7 train loss: 38.49900639253146
Digit 7 test loss: 38.17894889594052
Digit 8 train loss: 47.57323491636494
Digit 8 test loss: 47.71662805702162
Digit 9 train loss: 39.540978670080165
Digit 9 test loss: 39.261476904242436
VAE 30 42 0.2168
Digit 0 train loss: 43.891682500354584
Digit 0 test loss: 44.083605632003476
Digit 1 train loss: 26.087588497525115
Digit 1 test loss: 25.822367445487806
Digit 2 train loss: 50.84695995090071
Digit 2 test loss: 50.76922182888948
Digit 3 train loss: 47.2445818441102
Digit 3 test loss: 47.32437753582945
Digit 4 train loss: 43.53133163791697
Digit 4 test loss: 43.40712745029426
Digit 5 train loss: 47.793106438686564
Digit 5 test loss: 48.529160878048884
Digit 6 train loss: 42.998610038860456
Digit 6 test loss: 44.12096864943216
Digit 7 train loss: 39.16766830042469
Digit 7 test loss: 39.09425697066904
Digit 8 train loss: 48.74461073802895
Digit 8 test loss: 49.44455682962093
Digit 9 train loss: 40.76817987922621
Digit 9 test loss: 40.52572962455636
VAE 35 42 0.2515
Digit 0 train loss: 43.1382238622173
Digit 0 test loss: 43.387272869810765
Digit 1 train loss: 25.834325133498787
Digit 1 test loss: 25.563191818035648
Digit 2 train loss: 49.98861606843762
Digit 2 test loss: 49.61732051723687
Digit 3 train loss: 46.625326130483884
Digit 3 test loss: 46.23396713143528
Digit 4 train loss: 42.826309744767315
Digit 4 test loss: 42.628814262188136
Digit 5 train loss: 46.68548862258132
Digit 5 test loss: 47.046247653362464
Digit 6 train loss: 41.970980390901296
Digit 6 test loss: 42.61238498528466
Digit 7 train loss: 38.5118370917732
Digit 7 test loss: 38.29636908134134
Digit 8 train loss: 48.13935452032407
Digit 8 test loss: 49.09740369667507
Digit 9 train loss: 40.16982064445112
Digit 9 test loss: 39.81927762064636
VAE 35 42 0.2394
Digit 0 train loss: 46.28945769890124
Digit 0 test loss: 46.51166463774078
Digit 1 train loss: 27.506043397931165
Digit 1 test loss: 27.317954242387007
Digit 2 train loss: 53.7150899202642
Digit 2 test loss: 53.009691663490706
Digit 3 train loss: 49.12302469021149
Digit 3 test loss: 48.47767533595019
Digit 4 train loss: 45.54177923702043
Digit 4 test loss: 45.36896280649966
Digit 5 train loss: 48.963065375219166
Digit 5 test loss: 49.479879815482235
Digit 6 train loss: 45.17368774826602
Digit 6 test loss: 46.15537586889088
Digit 7 train loss: 41.05460525476162
Digit 7 test loss: 41.07276112374628
Digit 8 train loss: 50.890346958380114
Digit 8 test loss: 50.88849362602469
Digit 9 train loss: 43.14069115027477
Digit 9 test loss: 42.558240132478346
VAE 35 42 0.1981
Digit 0 train loss: 44.63544304387384
Digit 0 test loss: 44.92238281794957
Digit 1 train loss: 26.50094138886376
Digit 1 test loss: 26.09084306456444
Digit 2 train loss: 52.038145974483534
Digit 2 test loss: 51.71861323275307
Digit 3 train loss: 47.74767300604685
Digit 3 test loss: 47.1737077278666
Digit 4 train loss: 44.47546380417513
Digit 4 test loss: 44.132451801338895
Digit 5 train loss: 48.30904342969435
Digit 5 test loss: 48.96161890671392
Digit 6 train loss: 43.91318829424601
Digit 6 test loss: 44.630840952560646
Digit 7 train loss: 40.42089491354782
Digit 7 test loss: 40.213537310811795
Digit 8 train loss: 49.569135877132986
Digit 8 test loss: 50.05814712493082
Digit 9 train loss: 42.00537579174622
Digit 9 test loss: 41.31209797098332
VAE 35 42 0.2222
Digit 0 train loss: 46.357220392905035
Digit 0 test loss: 46.42225363011263
Digit 1 train loss: 28.27445155511232
Digit 1 test loss: 28.27072707692957
Digit 2 train loss: 52.862895512909006
Digit 2 test loss: 52.7442766788394
Digit 3 train loss: 49.03991475320722
Digit 3 test loss: 48.780503401425804
Digit 4 train loss: 45.59956708227025
Digit 4 test loss: 45.205031492074006
Digit 5 train loss: 49.208661367039554
Digit 5 test loss: 49.455115998272404
Digit 6 train loss: 44.54971688016922
Digit 6 test loss: 45.480689699814064
Digit 7 train loss: 41.30522277052652
Digit 7 test loss: 41.20092206799103
Digit 8 train loss: 50.69564085409308
Digit 8 test loss: 51.16560287984734
Digit 9 train loss: 42.95464954995011
Digit 9 test loss: 42.64130507281089
VAE 40 42 0.2283
Digit 0 train loss: 44.9984973670461
Digit 0 test loss: 45.37044302881981
Digit 1 train loss: 27.90192506745462
Digit 1 test loss: 27.663106839352242
Digit 2 train loss: 51.78454767069027
Digit 2 test loss: 51.72163252497828
Digit 3 train loss: 48.491958548788965
Digit 3 test loss: 48.35968120688259
Digit 4 train loss: 44.94965376098121
Digit 4 test loss: 44.92892012819496
Digit 5 train loss: 48.5624679184734
Digit 5 test loss: 48.75175607364808
Digit 6 train loss: 43.732155291926986
Digit 6 test loss: 44.503441553772866
Digit 7 train loss: 40.61338959014235
Digit 7 test loss: 40.57357083962585
Digit 8 train loss: 49.8631835543708
Digit 8 test loss: 50.88907705538082
Digit 9 train loss: 42.15111642004883
Digit 9 test loss: 42.12050075738943
VAE 40 42 0.2463
Digit 0 train loss: 50.08375793764886
Digit 0 test loss: 50.41560888095778
Digit 1 train loss: 29.71083830429163
Digit 1 test loss: 29.49709560209434
Digit 2 train loss: 55.59174697596821
Digit 2 test loss: 55.06186732950137
Digit 3 train loss: 51.208593287644504
Digit 3 test loss: 50.84097474353148
Digit 4 train loss: 47.881634556483995
Digit 4 test loss: 47.46769833224854
Digit 5 train loss: 52.05768189133808
Digit 5 test loss: 51.86262784196657
Digit 6 train loss: 47.09410156128817
Digit 6 test loss: 48.06124740950997
Digit 7 train loss: 43.22910179235606
Digit 7 test loss: 42.845813274383545
Digit 8 train loss: 52.695155285705034
Digit 8 test loss: 53.13991464775446
Digit 9 train loss: 45.16042745997073
Digit 9 test loss: 44.79388828863592
VAE 40 42 0.1857
Digit 0 train loss: 48.0796473144217
Digit 0 test loss: 47.67205459828279
Digit 1 train loss: 28.953177731598
Digit 1 test loss: 28.5872199205575
Digit 2 train loss: 54.17375787515375
Digit 2 test loss: 53.92857902733854
Digit 3 train loss: 49.75910828689478
Digit 3 test loss: 49.393288678461964
Digit 4 train loss: 47.09861498032478
Digit 4 test loss: 47.06034115132878
Digit 5 train loss: 50.31855903861928
Digit 5 test loss: 50.13134157069595
Digit 6 train loss: 45.839873963652856
Digit 6 test loss: 47.03010009773589
Digit 7 train loss: 42.05541940797165
Digit 7 test loss: 41.712757006693444
Digit 8 train loss: 51.59726192042107
Digit 8 test loss: 52.13233655189342
Digit 9 train loss: 43.9224176956718
Digit 9 test loss: 43.74828456579989
VAE 40 42 0.2249
end time is Tue 31 Jan 2023 07:15:51 PM EST
